<?xml version="1.0" encoding="UTF-8"?>
<!-- Generated by org.testng.reporters.JUnitReportReporter -->
<testsuite hostname="WA000034" failures="0" tests="1" name="com.Neckermann.TestClass.HamburgerMenu_Functionality" time="146.314" errors="0" timestamp="2023-06-13T11:00:40 IST" skipped="0">
  <testcase classname="com.Neckermann.TestClass.HamburgerMenu_Functionality" name="HamburgerMenu_Functionality" time="146.314"/>
  <system-out/>
</testsuite> <!-- com.Neckermann.TestClass.HamburgerMenu_Functionality -->
