<?xml version="1.0" encoding="UTF-8"?>
<!-- Generated by org.testng.reporters.JUnitReportReporter -->
<testsuite hostname="WA000034" failures="0" tests="6" name="com.Neckermann.TestClass.Verify_Whether_UserClickon_Destination_From_HomePage_From_1_to_6" time="49.493" errors="0" timestamp="2023-07-19T15:00:38 IST" skipped="0">
  <testcase classname="com.Neckermann.TestClass.Verify_Whether_UserClickon_Destination_From_HomePage_From_1_to_6" name="Destinations_HomePage_functioanlity" time="8.560"/>
  <system-out/>
  <testcase classname="com.Neckermann.TestClass.Verify_Whether_UserClickon_Destination_From_HomePage_From_1_to_6" name="Destinations_HomePage_functioanlity" time="9.250"/>
  <system-out/>
  <testcase classname="com.Neckermann.TestClass.Verify_Whether_UserClickon_Destination_From_HomePage_From_1_to_6" name="Destinations_HomePage_functioanlity" time="7.883"/>
  <system-out/>
  <testcase classname="com.Neckermann.TestClass.Verify_Whether_UserClickon_Destination_From_HomePage_From_1_to_6" name="Destinations_HomePage_functioanlity" time="7.855"/>
  <system-out/>
  <testcase classname="com.Neckermann.TestClass.Verify_Whether_UserClickon_Destination_From_HomePage_From_1_to_6" name="Destinations_HomePage_functioanlity" time="9.761"/>
  <system-out/>
  <testcase classname="com.Neckermann.TestClass.Verify_Whether_UserClickon_Destination_From_HomePage_From_1_to_6" name="Destinations_HomePage_functioanlity" time="6.184"/>
  <system-out/>
</testsuite> <!-- com.Neckermann.TestClass.Verify_Whether_UserClickon_Destination_From_HomePage_From_1_to_6 -->
