<?xml version="1.0" encoding="UTF-8"?>
<!-- Generated by org.testng.reporters.JUnitReportReporter -->
<testsuite hostname="WA000034" failures="0" tests="3" name="com.Neckermann.TestClass.Verify_Whether_UserClickon_Destination_From_HomePage_From_7_to_9" time="31.374" errors="0" timestamp="2023-07-19T15:02:01 IST" skipped="0">
  <testcase classname="com.Neckermann.TestClass.Verify_Whether_UserClickon_Destination_From_HomePage_From_7_to_9" name="Destinations_HomePage_functioanlity" time="9.377"/>
  <system-out/>
  <testcase classname="com.Neckermann.TestClass.Verify_Whether_UserClickon_Destination_From_HomePage_From_7_to_9" name="Destinations_HomePage_functioanlity" time="6.397"/>
  <system-out/>
  <testcase classname="com.Neckermann.TestClass.Verify_Whether_UserClickon_Destination_From_HomePage_From_7_to_9" name="Destinations_HomePage_functioanlity" time="15.600"/>
  <system-out/>
</testsuite> <!-- com.Neckermann.TestClass.Verify_Whether_UserClickon_Destination_From_HomePage_From_7_to_9 -->
