<?xml version="1.0" encoding="UTF-8"?>
<!-- Generated by org.testng.reporters.JUnitReportReporter -->
<testsuite hostname="WA000034" failures="0" tests="1" name="com.Neckermann.TestClass.Neckermann_Logo_Functionality" time="8.370" errors="0" timestamp="2023-06-13T14:51:44 IST" skipped="0">
  <testcase classname="com.Neckermann.TestClass.Neckermann_Logo_Functionality" name="Neckermann_Logo_Functionality" time="8.370"/>
  <system-out/>
</testsuite> <!-- com.Neckermann.TestClass.Neckermann_Logo_Functionality -->
