<?xml version="1.0" encoding="UTF-8"?>
<!-- Generated by org.testng.reporters.JUnitReportReporter -->
<testsuite hostname="WA000034" failures="0" tests="6" name="com.Neckermann.TestClass.Verify_The_title_of_collection_Page" time="49.178" errors="0" timestamp="2023-07-05T16:45:07 IST" skipped="0">
  <testcase classname="com.Neckermann.TestClass.Verify_The_title_of_collection_Page" name="check_title_ofcollection" time="7.654"/>
  <system-out/>
  <testcase classname="com.Neckermann.TestClass.Verify_The_title_of_collection_Page" name="check_title_ofcollection" time="7.441"/>
  <system-out/>
  <testcase classname="com.Neckermann.TestClass.Verify_The_title_of_collection_Page" name="check_title_ofcollection" time="7.340"/>
  <system-out/>
  <testcase classname="com.Neckermann.TestClass.Verify_The_title_of_collection_Page" name="check_title_ofcollection" time="11.686"/>
  <system-out/>
  <testcase classname="com.Neckermann.TestClass.Verify_The_title_of_collection_Page" name="check_title_ofcollection" time="7.573"/>
  <system-out/>
  <testcase classname="com.Neckermann.TestClass.Verify_The_title_of_collection_Page" name="check_title_ofcollection" time="7.484"/>
  <system-out/>
</testsuite> <!-- com.Neckermann.TestClass.Verify_The_title_of_collection_Page -->
