<?xml version="1.0" encoding="UTF-8"?>
<!-- Generated by org.testng.reporters.JUnitReportReporter -->
<testsuite hostname="WA000034" failures="0" tests="1" name="com.Neckermann.TestClass.VerifyWhether_user_select_contactus_from_hamburgermenu" time="6.014" errors="0" timestamp="2023-07-04T11:36:31 IST" skipped="0">
  <testcase classname="com.Neckermann.TestClass.VerifyWhether_user_select_contactus_from_hamburgermenu" name="contactusfromhamburgermenu" time="6.014"/>
  <system-out/>
</testsuite> <!-- com.Neckermann.TestClass.VerifyWhether_user_select_contactus_from_hamburgermenu -->
