<?xml version="1.0" encoding="UTF-8"?>
<!-- Generated by org.testng.reporters.JUnitReportReporter -->
<testsuite hostname="WA000034" failures="0" tests="1" name="com.Neckermann.TestClass.VerifyWhether_userOpen_contactuslink_fromQualityassured_ATOL_Page" time="5.956" errors="0" timestamp="2023-07-11T15:51:37 IST" skipped="0">
  <testcase classname="com.Neckermann.TestClass.VerifyWhether_userOpen_contactuslink_fromQualityassured_ATOL_Page" name="ATOLProtected_clickonunbdeatableprice_Link_Functionality" time="5.956"/>
  <system-out/>
</testsuite> <!-- com.Neckermann.TestClass.VerifyWhether_userOpen_contactuslink_fromQualityassured_ATOL_Page -->
