<?xml version="1.0" encoding="UTF-8"?>
<!-- Generated by org.testng.reporters.JUnitReportReporter -->
<testsuite hostname="WA000034" failures="0" tests="12" name="com.Neckermann.TestClass.Collection_Functionality" time="14.897" errors="0" timestamp="2023-06-29T12:08:36 IST" skipped="11">
  <testcase classname="com.Neckermann.TestClass.Collection_Functionality" name="Readmore_Readless_functionality" time="14.897"/>
  <system-out/>
  <testcase classname="com.Neckermann.TestClass.Collection_Functionality" name="check_title_ofcollection">
    <skipped/>
  </testcase> <!-- check_title_ofcollection -->
  <system-out/>
  <testcase classname="com.Neckermann.TestClass.Collection_Functionality" name="clickon_collections_from_hamburger">
    <skipped/>
  </testcase> <!-- clickon_collections_from_hamburger -->
  <system-out/>
  <testcase classname="com.Neckermann.TestClass.Collection_Functionality" name="socialmedia_facebook_Functionality">
    <skipped/>
  </testcase> <!-- socialmedia_facebook_Functionality -->
  <system-out/>
  <testcase classname="com.Neckermann.TestClass.Collection_Functionality" name="clickon_View_button">
    <skipped/>
  </testcase> <!-- clickon_View_button -->
  <system-out/>
  <testcase classname="com.Neckermann.TestClass.Collection_Functionality" name="Homepage_collection_visibilityofcomponents">
    <skipped/>
  </testcase> <!-- Homepage_collection_visibilityofcomponents -->
  <system-out/>
  <testcase classname="com.Neckermann.TestClass.Collection_Functionality" name="clickon_Home_from_hamburger">
    <skipped/>
  </testcase> <!-- clickon_Home_from_hamburger -->
  <system-out/>
  <testcase classname="com.Neckermann.TestClass.Collection_Functionality" name="socialmedia_twitter_Functionality">
    <skipped/>
  </testcase> <!-- socialmedia_twitter_Functionality -->
  <system-out/>
  <testcase classname="com.Neckermann.TestClass.Collection_Functionality" name="socialmedia_linkdin_Functionality">
    <skipped/>
  </testcase> <!-- socialmedia_linkdin_Functionality -->
  <system-out/>
  <testcase classname="com.Neckermann.TestClass.Collection_Functionality" name="clickon_Viewmore_button">
    <skipped/>
  </testcase> <!-- clickon_Viewmore_button -->
  <system-out/>
  <testcase classname="com.Neckermann.TestClass.Collection_Functionality" name="socialmedia_instagram_Functionality">
    <skipped/>
  </testcase> <!-- socialmedia_instagram_Functionality -->
  <system-out/>
  <testcase classname="com.Neckermann.TestClass.Collection_Functionality" name="clickoncomponentfrommorecollection">
    <skipped/>
  </testcase> <!-- clickoncomponentfrommorecollection -->
  <system-out/>
</testsuite> <!-- com.Neckermann.TestClass.Collection_Functionality -->
