<?xml version="1.0" encoding="UTF-8"?>
<!-- Generated by org.testng.reporters.JUnitReportReporter -->
<testsuite hostname="WA000034" failures="0" tests="1" name="com.Neckermann.TestClass.aa" time="10.969" errors="0" timestamp="2023-07-05T11:31:33 IST" skipped="0">
  <testcase classname="com.Neckermann.TestClass.aa" name="clickonindivisualblog_functionality" time="10.969"/>
  <system-out/>
</testsuite> <!-- com.Neckermann.TestClass.aa -->
