<?xml version="1.0" encoding="UTF-8"?>
<!-- Generated by org.testng.reporters.JUnitReportReporter -->
<testsuite hostname="WA000034" failures="0" tests="1" name="com.Neckermann.TestClass.Verify_submenus_from_The_Footer_Holidays_Functionality" time="66.844" errors="0" timestamp="2023-07-19T12:50:01 IST" skipped="0">
  <testcase classname="com.Neckermann.TestClass.Verify_submenus_from_The_Footer_Holidays_Functionality" name="Footer_Holidays_Functionality" time="66.844"/>
  <system-out/>
</testsuite> <!-- com.Neckermann.TestClass.Verify_submenus_from_The_Footer_Holidays_Functionality -->
