<?xml version="1.0" encoding="UTF-8"?>
<!-- Generated by org.testng.reporters.JUnitReportReporter -->
<testsuite hostname="WA000034" failures="0" tests="2" name="com.Neckermann.TestClass.Aboutus_functionality" time="7.652" errors="0" timestamp="2023-07-03T15:00:13 IST" skipped="1">
  <testcase classname="com.Neckermann.TestClass.Aboutus_functionality" name="AboutuspageElement_nextbackarrow_Functionality" time="7.652"/>
  <system-out/>
  <testcase classname="com.Neckermann.TestClass.Aboutus_functionality" name="AboutuspageElement_Trustpilot_Functionality">
    <skipped/>
  </testcase> <!-- AboutuspageElement_Trustpilot_Functionality -->
  <system-out/>
</testsuite> <!-- com.Neckermann.TestClass.Aboutus_functionality -->
