<?xml version="1.0" encoding="UTF-8"?>
<!-- Generated by org.testng.reporters.JUnitReportReporter -->
<testsuite hostname="WA000034" failures="0" tests="3" name="com.Neckermann.TestClass.Verify_TravelGuidePage_Opens_on_DestinationsPage_For_7_To_9_Destinations" time="32.179" errors="0" timestamp="2023-07-12T10:48:37 IST" skipped="0">
  <testcase classname="com.Neckermann.TestClass.Verify_TravelGuidePage_Opens_on_DestinationsPage_For_7_To_9_Destinations" name="clickontravelguide" time="9.659"/>
  <system-out/>
  <testcase classname="com.Neckermann.TestClass.Verify_TravelGuidePage_Opens_on_DestinationsPage_For_7_To_9_Destinations" name="clickontravelguide" time="12.114"/>
  <system-out/>
  <testcase classname="com.Neckermann.TestClass.Verify_TravelGuidePage_Opens_on_DestinationsPage_For_7_To_9_Destinations" name="clickontravelguide" time="10.406"/>
  <system-out/>
</testsuite> <!-- com.Neckermann.TestClass.Verify_TravelGuidePage_Opens_on_DestinationsPage_For_7_To_9_Destinations -->
