<?xml version="1.0" encoding="UTF-8"?>
<!-- Generated by org.testng.reporters.JUnitReportReporter -->
<testsuite hostname="WA000034" failures="0" tests="1" name="com.Neckermann.TestClass.ATOLProtected_Link" time="8.897" errors="0" timestamp="2023-07-03T15:16:29 IST" skipped="0">
  <testcase classname="com.Neckermann.TestClass.ATOLProtected_Link" name="ATOLProtected_clickonATOL_Link_Functionality" time="8.897"/>
  <system-out/>
</testsuite> <!-- com.Neckermann.TestClass.ATOLProtected_Link -->
