<?xml version="1.0" encoding="UTF-8"?>
<!-- Generated by org.testng.reporters.JUnitReportReporter -->
<testsuite hostname="WA000034" failures="0" tests="6" name="com.Neckermann.TestClass.Verify_The_title_of_collection_Page" time="42.090" errors="0" timestamp="2023-07-11T16:04:51 IST" skipped="0">
  <testcase classname="com.Neckermann.TestClass.Verify_The_title_of_collection_Page" name="check_title_ofcollection" time="6.967"/>
  <system-out/>
  <testcase classname="com.Neckermann.TestClass.Verify_The_title_of_collection_Page" name="check_title_ofcollection" time="7.025"/>
  <system-out/>
  <testcase classname="com.Neckermann.TestClass.Verify_The_title_of_collection_Page" name="check_title_ofcollection" time="7.072"/>
  <system-out/>
  <testcase classname="com.Neckermann.TestClass.Verify_The_title_of_collection_Page" name="check_title_ofcollection" time="7.052"/>
  <system-out/>
  <testcase classname="com.Neckermann.TestClass.Verify_The_title_of_collection_Page" name="check_title_ofcollection" time="7.017"/>
  <system-out/>
  <testcase classname="com.Neckermann.TestClass.Verify_The_title_of_collection_Page" name="check_title_ofcollection" time="6.957"/>
  <system-out/>
</testsuite> <!-- com.Neckermann.TestClass.Verify_The_title_of_collection_Page -->
