<?xml version="1.0" encoding="UTF-8"?>
<!-- Generated by org.testng.reporters.JUnitReportReporter -->
<testsuite hostname="WA000034" failures="0" tests="6" name="com.Neckermann.TestClass.Verify_viewmore_button_On_Destination_Page_For_1_To_6_Destinations" time="86.740" errors="0" timestamp="2023-07-19T15:05:21 IST" skipped="0">
  <testcase classname="com.Neckermann.TestClass.Verify_viewmore_button_On_Destination_Page_For_1_To_6_Destinations" name="viewmorw_button_Functionality" time="15.737"/>
  <system-out/>
  <testcase classname="com.Neckermann.TestClass.Verify_viewmore_button_On_Destination_Page_For_1_To_6_Destinations" name="viewmorw_button_Functionality" time="10.843"/>
  <system-out/>
  <testcase classname="com.Neckermann.TestClass.Verify_viewmore_button_On_Destination_Page_For_1_To_6_Destinations" name="viewmorw_button_Functionality" time="18.119"/>
  <system-out/>
  <testcase classname="com.Neckermann.TestClass.Verify_viewmore_button_On_Destination_Page_For_1_To_6_Destinations" name="viewmorw_button_Functionality" time="14.362"/>
  <system-out/>
  <testcase classname="com.Neckermann.TestClass.Verify_viewmore_button_On_Destination_Page_For_1_To_6_Destinations" name="viewmorw_button_Functionality" time="10.954"/>
  <system-out/>
  <testcase classname="com.Neckermann.TestClass.Verify_viewmore_button_On_Destination_Page_For_1_To_6_Destinations" name="viewmorw_button_Functionality" time="16.725"/>
  <system-out/>
</testsuite> <!-- com.Neckermann.TestClass.Verify_viewmore_button_On_Destination_Page_For_1_To_6_Destinations -->
