<?xml version="1.0" encoding="UTF-8"?>
<!-- Generated by org.testng.reporters.JUnitReportReporter -->
<testsuite hostname="WA000034" failures="0" tests="1" name="com.Neckermann.TestClass.Verify_The_Submenus_FromThe_Company_Menu_From_TheFooter" time="32.020" errors="0" timestamp="2023-07-04T12:44:10 IST" skipped="0">
  <testcase classname="com.Neckermann.TestClass.Verify_The_Submenus_FromThe_Company_Menu_From_TheFooter" name="Footer_company_Functionality" time="32.020"/>
  <system-out/>
</testsuite> <!-- com.Neckermann.TestClass.Verify_The_Submenus_FromThe_Company_Menu_From_TheFooter -->
