<?xml version="1.0" encoding="UTF-8"?>
<!-- Generated by org.testng.reporters.JUnitReportReporter -->
<testsuite hostname="WA000034" failures="0" tests="6" name="com.Neckermann.TestClass.Visibility_Of_difrentComponent_on_Collection_Page" time="61.375" errors="0" timestamp="2023-07-05T16:37:54 IST" skipped="0">
  <testcase classname="com.Neckermann.TestClass.Visibility_Of_difrentComponent_on_Collection_Page" name="Homepage_collection_visibilityofcomponents" time="9.387"/>
  <system-out/>
  <testcase classname="com.Neckermann.TestClass.Visibility_Of_difrentComponent_on_Collection_Page" name="Homepage_collection_visibilityofcomponents" time="12.890"/>
  <system-out/>
  <testcase classname="com.Neckermann.TestClass.Visibility_Of_difrentComponent_on_Collection_Page" name="Homepage_collection_visibilityofcomponents" time="9.969"/>
  <system-out/>
  <testcase classname="com.Neckermann.TestClass.Visibility_Of_difrentComponent_on_Collection_Page" name="Homepage_collection_visibilityofcomponents" time="9.746"/>
  <system-out/>
  <testcase classname="com.Neckermann.TestClass.Visibility_Of_difrentComponent_on_Collection_Page" name="Homepage_collection_visibilityofcomponents" time="9.590"/>
  <system-out/>
  <testcase classname="com.Neckermann.TestClass.Visibility_Of_difrentComponent_on_Collection_Page" name="Homepage_collection_visibilityofcomponents" time="9.793"/>
  <system-out/>
</testsuite> <!-- com.Neckermann.TestClass.Visibility_Of_difrentComponent_on_Collection_Page -->
