<?xml version="1.0" encoding="UTF-8"?>
<!-- Generated by org.testng.reporters.JUnitReportReporter -->
<testsuite hostname="WA000034" failures="0" tests="1" name="com.Neckermann.TestClass.Trust_cards_onhomepage_Functionality" time="5.451" errors="0" timestamp="2023-06-15T11:08:46 IST" skipped="0">
  <testcase classname="com.Neckermann.TestClass.Trust_cards_onhomepage_Functionality" name="Trust_cards_onhomepage_Functionality1" time="5.451"/>
  <system-out/>
</testsuite> <!-- com.Neckermann.TestClass.Trust_cards_onhomepage_Functionality -->
