<?xml version="1.0" encoding="UTF-8"?>
<!-- Generated by org.testng.reporters.JUnitReportReporter -->
<testsuite hostname="WA000034" failures="0" tests="3" name="com.Neckermann.TestClass.Verify_whether_Userclick_destination_frommoredestination_onDestinationPage_From_7_To_9_Destinations" time="30.381" errors="0" timestamp="2023-07-11T16:20:31 IST" skipped="0">
  <testcase classname="com.Neckermann.TestClass.Verify_whether_Userclick_destination_frommoredestination_onDestinationPage_From_7_To_9_Destinations" name="clickdestinationfrommoredestination" time="10.529"/>
  <system-out/>
  <testcase classname="com.Neckermann.TestClass.Verify_whether_Userclick_destination_frommoredestination_onDestinationPage_From_7_To_9_Destinations" name="clickdestinationfrommoredestination" time="9.814"/>
  <system-out/>
  <testcase classname="com.Neckermann.TestClass.Verify_whether_Userclick_destination_frommoredestination_onDestinationPage_From_7_To_9_Destinations" name="clickdestinationfrommoredestination" time="10.038"/>
  <system-out/>
</testsuite> <!-- com.Neckermann.TestClass.Verify_whether_Userclick_destination_frommoredestination_onDestinationPage_From_7_To_9_Destinations -->
