<?xml version="1.0" encoding="UTF-8"?>
<!-- Generated by org.testng.reporters.JUnitReportReporter -->
<testsuite hostname="WA000034" failures="0" tests="3" name="com.Neckermann.TestClass.Verify_Thingstodo_PageOpen_On_DestinationPage_For_7_To_9_Destinations" time="114.889" errors="0" timestamp="2023-07-12T10:48:37 IST" skipped="0">
  <testcase classname="com.Neckermann.TestClass.Verify_Thingstodo_PageOpen_On_DestinationPage_For_7_To_9_Destinations" name="clickonthingstodo" time="38.232"/>
  <system-out/>
  <testcase classname="com.Neckermann.TestClass.Verify_Thingstodo_PageOpen_On_DestinationPage_For_7_To_9_Destinations" name="clickonthingstodo" time="38.414"/>
  <system-out/>
  <testcase classname="com.Neckermann.TestClass.Verify_Thingstodo_PageOpen_On_DestinationPage_For_7_To_9_Destinations" name="clickonthingstodo" time="38.243"/>
  <system-out/>
</testsuite> <!-- com.Neckermann.TestClass.Verify_Thingstodo_PageOpen_On_DestinationPage_For_7_To_9_Destinations -->
