<?xml version="1.0" encoding="UTF-8"?>
<!-- Generated by org.testng.reporters.JUnitReportReporter -->
<testsuite hostname="WA000034" failures="0" tests="1" name="com.Neckermann.TestClass.FlashDealsVideo_functionality" time="10.530" errors="0" timestamp="2023-06-13T11:00:40 IST" skipped="0">
  <testcase classname="com.Neckermann.TestClass.FlashDealsVideo_functionality" name="FlashDealsVideo_functionality" time="10.530"/>
  <system-out/>
</testsuite> <!-- com.Neckermann.TestClass.FlashDealsVideo_functionality -->
