<?xml version="1.0" encoding="UTF-8"?>
<!-- Generated by org.testng.reporters.JUnitReportReporter -->
<testsuite hostname="WA000034" failures="0" tests="1" name="com.Neckermann.TestClass.Review_onThe_Homepage_Functionality" time="13.735" errors="0" timestamp="2023-06-15T12:21:48 IST" skipped="0">
  <testcase classname="com.Neckermann.TestClass.Review_onThe_Homepage_Functionality" name="Review_onThe_Homepage_Functionality1" time="13.735"/>
  <system-out/>
</testsuite> <!-- com.Neckermann.TestClass.Review_onThe_Homepage_Functionality -->
