<?xml version="1.0" encoding="UTF-8"?>
<!-- Generated by org.testng.reporters.JUnitReportReporter -->
<testsuite hostname="WA000034" failures="0" tests="3" name="com.Neckermann.TestClass.Verify_whether_user_should_Click_Tourist_informationlink_from_TravelGuide_Page_from_7_to_9" time="43.633" errors="0" timestamp="2023-07-12T10:48:37 IST" skipped="0">
  <testcase classname="com.Neckermann.TestClass.Verify_whether_user_should_Click_Tourist_informationlink_from_TravelGuide_Page_from_7_to_9" name="tourist_informationlink_Functionality" time="17.140"/>
  <system-out/>
  <testcase classname="com.Neckermann.TestClass.Verify_whether_user_should_Click_Tourist_informationlink_from_TravelGuide_Page_from_7_to_9" name="tourist_informationlink_Functionality" time="14.691"/>
  <system-out/>
  <testcase classname="com.Neckermann.TestClass.Verify_whether_user_should_Click_Tourist_informationlink_from_TravelGuide_Page_from_7_to_9" name="tourist_informationlink_Functionality" time="11.802"/>
  <system-out/>
</testsuite> <!-- com.Neckermann.TestClass.Verify_whether_user_should_Click_Tourist_informationlink_from_TravelGuide_Page_from_7_to_9 -->
