<?xml version="1.0" encoding="UTF-8"?>
<!-- Generated by org.testng.reporters.JUnitReportReporter -->
<testsuite hostname="WA000034" failures="0" tests="6" name="com.Neckermann.TestClass.Verify_Readmore_Readless_functionality_on_CollectionPage" time="70.395" errors="0" timestamp="2023-07-11T16:04:50 IST" skipped="0">
  <testcase classname="com.Neckermann.TestClass.Verify_Readmore_Readless_functionality_on_CollectionPage" name="Readmore_Readless_functionality" time="11.579"/>
  <system-out/>
  <testcase classname="com.Neckermann.TestClass.Verify_Readmore_Readless_functionality_on_CollectionPage" name="Readmore_Readless_functionality" time="12.528"/>
  <system-out/>
  <testcase classname="com.Neckermann.TestClass.Verify_Readmore_Readless_functionality_on_CollectionPage" name="Readmore_Readless_functionality" time="11.733"/>
  <system-out/>
  <testcase classname="com.Neckermann.TestClass.Verify_Readmore_Readless_functionality_on_CollectionPage" name="Readmore_Readless_functionality" time="11.709"/>
  <system-out/>
  <testcase classname="com.Neckermann.TestClass.Verify_Readmore_Readless_functionality_on_CollectionPage" name="Readmore_Readless_functionality" time="11.350"/>
  <system-out/>
  <testcase classname="com.Neckermann.TestClass.Verify_Readmore_Readless_functionality_on_CollectionPage" name="Readmore_Readless_functionality" time="11.496"/>
  <system-out/>
</testsuite> <!-- com.Neckermann.TestClass.Verify_Readmore_Readless_functionality_on_CollectionPage -->
