<?xml version="1.0" encoding="UTF-8"?>
<!-- Generated by org.testng.reporters.JUnitReportReporter -->
<testsuite hostname="WA000034" failures="0" tests="4" name="com.Neckermann.TestClass.Newsletter_Homepage_Functionality" time="34.797" errors="0" timestamp="2023-06-15T17:37:16 IST" skipped="0">
  <testcase classname="com.Neckermann.TestClass.Newsletter_Homepage_Functionality" name="Newsletter_Homepage_Negativetestcase3_Functionality" time="11.448"/>
  <system-out/>
  <testcase classname="com.Neckermann.TestClass.Newsletter_Homepage_Functionality" name="Newsletter_Homepage_Functionality1" time="6.913"/>
  <system-out/>
  <testcase classname="com.Neckermann.TestClass.Newsletter_Homepage_Functionality" name="Newsletter_Homepage_Negativetestcase1_Functionality" time="9.085"/>
  <system-out/>
  <testcase classname="com.Neckermann.TestClass.Newsletter_Homepage_Functionality" name="Newsletter_Homepage_Negativetestcase2_Functionality" time="7.351"/>
  <system-out/>
</testsuite> <!-- com.Neckermann.TestClass.Newsletter_Homepage_Functionality -->
