<?xml version="1.0" encoding="UTF-8"?>
<!-- Generated by org.testng.reporters.JUnitReportReporter -->
<testsuite hostname="WA000034" failures="0" tests="6" name="com.Neckermann.TestClass.Verify_IndividualhotelOpen_After_clicking_ViewButton_OncollectionPage" time="72.078" errors="0" timestamp="2023-07-05T17:14:12 IST" skipped="0">
  <testcase classname="com.Neckermann.TestClass.Verify_IndividualhotelOpen_After_clicking_ViewButton_OncollectionPage" name="clickon_View_button" time="11.999"/>
  <system-out/>
  <testcase classname="com.Neckermann.TestClass.Verify_IndividualhotelOpen_After_clicking_ViewButton_OncollectionPage" name="clickon_View_button" time="11.536"/>
  <system-out/>
  <testcase classname="com.Neckermann.TestClass.Verify_IndividualhotelOpen_After_clicking_ViewButton_OncollectionPage" name="clickon_View_button" time="13.087"/>
  <system-out/>
  <testcase classname="com.Neckermann.TestClass.Verify_IndividualhotelOpen_After_clicking_ViewButton_OncollectionPage" name="clickon_View_button" time="11.672"/>
  <system-out/>
  <testcase classname="com.Neckermann.TestClass.Verify_IndividualhotelOpen_After_clicking_ViewButton_OncollectionPage" name="clickon_View_button" time="12.179"/>
  <system-out/>
  <testcase classname="com.Neckermann.TestClass.Verify_IndividualhotelOpen_After_clicking_ViewButton_OncollectionPage" name="clickon_View_button" time="11.605"/>
  <system-out/>
</testsuite> <!-- com.Neckermann.TestClass.Verify_IndividualhotelOpen_After_clicking_ViewButton_OncollectionPage -->
