<?xml version="1.0" encoding="UTF-8"?>
<!-- Generated by org.testng.reporters.JUnitReportReporter -->
<testsuite hostname="WA000034" failures="0" tests="3" name="com.Neckermann.TestClass.Verify_Thingstodo_PageOpen_On_DestinationPage_For_7_To_9_Destinations" time="116.424" errors="0" timestamp="2023-07-05T16:16:15 IST" skipped="0">
  <testcase classname="com.Neckermann.TestClass.Verify_Thingstodo_PageOpen_On_DestinationPage_For_7_To_9_Destinations" name="clickonthingstodo" time="39.906"/>
  <system-out/>
  <testcase classname="com.Neckermann.TestClass.Verify_Thingstodo_PageOpen_On_DestinationPage_For_7_To_9_Destinations" name="clickonthingstodo" time="38.399"/>
  <system-out/>
  <testcase classname="com.Neckermann.TestClass.Verify_Thingstodo_PageOpen_On_DestinationPage_For_7_To_9_Destinations" name="clickonthingstodo" time="38.119"/>
  <system-out/>
</testsuite> <!-- com.Neckermann.TestClass.Verify_Thingstodo_PageOpen_On_DestinationPage_For_7_To_9_Destinations -->
