<?xml version="1.0" encoding="UTF-8"?>
<!-- Generated by org.testng.reporters.JUnitReportReporter -->
<testsuite hostname="WA000034" failures="0" tests="1" name="com.Neckermann.TestClass.VerifyWhether_footerCivilaviationLink_linkOpen_fromFooter" time="13.171" errors="0" timestamp="2023-07-19T12:41:17 IST" skipped="0">
  <testcase classname="com.Neckermann.TestClass.VerifyWhether_footerCivilaviationLink_linkOpen_fromFooter" name="Footer_footerCivilaviationLink_Functionality" time="13.171"/>
  <system-out/>
</testsuite> <!-- com.Neckermann.TestClass.VerifyWhether_footerCivilaviationLink_linkOpen_fromFooter -->
