<?xml version="1.0" encoding="UTF-8"?>
<!-- Generated by org.testng.reporters.JUnitReportReporter -->
<testsuite hostname="WA000034" failures="0" tests="1" name="com.Neckermann.TestClass.Verifythe_submenus_fromthe_LegalMenu__From_HamburgerMenu" time="4.180" errors="0" timestamp="2023-07-11T15:51:37 IST" skipped="0">
  <testcase classname="com.Neckermann.TestClass.Verifythe_submenus_fromthe_LegalMenu__From_HamburgerMenu" name="HamburgerMenu_Legal_Functionality1" time="4.180"/>
  <system-out/>
</testsuite> <!-- com.Neckermann.TestClass.Verifythe_submenus_fromthe_LegalMenu__From_HamburgerMenu -->
