<?xml version="1.0" encoding="UTF-8"?>
<!-- Generated by org.testng.reporters.JUnitReportReporter -->
<testsuite hostname="WA000034" failures="0" tests="6" name="com.Neckermann.TestClass.Verify_Thingstodo_PageOpen_On_DestinationPage_For_1_To_6_Destinations" time="232.207" errors="0" timestamp="2023-07-05T16:20:29 IST" skipped="0">
  <testcase classname="com.Neckermann.TestClass.Verify_Thingstodo_PageOpen_On_DestinationPage_For_1_To_6_Destinations" name="clickonthingstodo" time="38.575"/>
  <system-out/>
  <testcase classname="com.Neckermann.TestClass.Verify_Thingstodo_PageOpen_On_DestinationPage_For_1_To_6_Destinations" name="clickonthingstodo" time="38.310"/>
  <system-out/>
  <testcase classname="com.Neckermann.TestClass.Verify_Thingstodo_PageOpen_On_DestinationPage_For_1_To_6_Destinations" name="clickonthingstodo" time="38.293"/>
  <system-out/>
  <testcase classname="com.Neckermann.TestClass.Verify_Thingstodo_PageOpen_On_DestinationPage_For_1_To_6_Destinations" name="clickonthingstodo" time="38.282"/>
  <system-out/>
  <testcase classname="com.Neckermann.TestClass.Verify_Thingstodo_PageOpen_On_DestinationPage_For_1_To_6_Destinations" name="clickonthingstodo" time="40.507"/>
  <system-out/>
  <testcase classname="com.Neckermann.TestClass.Verify_Thingstodo_PageOpen_On_DestinationPage_For_1_To_6_Destinations" name="clickonthingstodo" time="38.240"/>
  <system-out/>
</testsuite> <!-- com.Neckermann.TestClass.Verify_Thingstodo_PageOpen_On_DestinationPage_For_1_To_6_Destinations -->
