<?xml version="1.0" encoding="UTF-8"?>
<!-- Generated by org.testng.reporters.JUnitReportReporter -->
<testsuite hostname="WA000034" failures="0" tests="1" name="com.Neckermann.TestClass.Verify_the_FlashDealsVideo_functionality_onHomePage" time="6.838" errors="0" timestamp="2023-07-04T11:36:31 IST" skipped="0">
  <testcase classname="com.Neckermann.TestClass.Verify_the_FlashDealsVideo_functionality_onHomePage" name="FlashDealsVideo_functionality" time="6.838"/>
  <system-out/>
</testsuite> <!-- com.Neckermann.TestClass.Verify_the_FlashDealsVideo_functionality_onHomePage -->
