<?xml version="1.0" encoding="UTF-8"?>
<!-- Generated by org.testng.reporters.JUnitReportReporter -->
<testsuite hostname="WA000034" failures="0" tests="6" name="com.Neckermann.TestClass.Verify_viewmore_button_On_Destination_Page_For_1_To_6_Destinations" time="64.663" errors="0" timestamp="2023-07-11T16:20:31 IST" skipped="0">
  <testcase classname="com.Neckermann.TestClass.Verify_viewmore_button_On_Destination_Page_For_1_To_6_Destinations" name="viewmorw_button_Functionality" time="10.692"/>
  <system-out/>
  <testcase classname="com.Neckermann.TestClass.Verify_viewmore_button_On_Destination_Page_For_1_To_6_Destinations" name="viewmorw_button_Functionality" time="10.337"/>
  <system-out/>
  <testcase classname="com.Neckermann.TestClass.Verify_viewmore_button_On_Destination_Page_For_1_To_6_Destinations" name="viewmorw_button_Functionality" time="10.850"/>
  <system-out/>
  <testcase classname="com.Neckermann.TestClass.Verify_viewmore_button_On_Destination_Page_For_1_To_6_Destinations" name="viewmorw_button_Functionality" time="10.476"/>
  <system-out/>
  <testcase classname="com.Neckermann.TestClass.Verify_viewmore_button_On_Destination_Page_For_1_To_6_Destinations" name="viewmorw_button_Functionality" time="11.079"/>
  <system-out/>
  <testcase classname="com.Neckermann.TestClass.Verify_viewmore_button_On_Destination_Page_For_1_To_6_Destinations" name="viewmorw_button_Functionality" time="11.229"/>
  <system-out/>
</testsuite> <!-- com.Neckermann.TestClass.Verify_viewmore_button_On_Destination_Page_For_1_To_6_Destinations -->
