<?xml version="1.0" encoding="UTF-8"?>
<!-- Generated by org.testng.reporters.JUnitReportReporter -->
<testsuite hostname="WA000034" failures="0" tests="1" name="com.Neckermann.TestClass.HamburgerMenu_Company_Functionality" time="7.487" errors="0" timestamp="2023-06-15T10:15:28 IST" skipped="0">
  <testcase classname="com.Neckermann.TestClass.HamburgerMenu_Company_Functionality" name="HamburgerMenu_Company_Functionality1" time="7.487"/>
  <system-out/>
</testsuite> <!-- com.Neckermann.TestClass.HamburgerMenu_Company_Functionality -->
