<?xml version="1.0" encoding="UTF-8"?>
<!-- Generated by org.testng.reporters.JUnitReportReporter -->
<testsuite hostname="WA000034" failures="0" tests="1" name="com.Neckermann.TestClass.Verify_the_Search_functionality_on_the_AllBlogPage" time="9.246" errors="0" timestamp="2023-07-21T12:33:53 IST" skipped="0">
  <testcase classname="com.Neckermann.TestClass.Verify_the_Search_functionality_on_the_AllBlogPage" name="Verify_the_Search_functionality_on_the_AllBlogPage1" time="9.246"/>
  <system-out/>
</testsuite> <!-- com.Neckermann.TestClass.Verify_the_Search_functionality_on_the_AllBlogPage -->
