<?xml version="1.0" encoding="UTF-8"?>
<!-- Generated by org.testng.reporters.JUnitReportReporter -->
<testsuite hostname="WA000034" failures="0" tests="1" name="com.Neckermann.TestClass.Verify_whether_user_clickontheContent_from_ThingsToDo_Page" time="51.173" errors="0" timestamp="2023-07-20T10:23:44 IST" skipped="0">
  <testcase classname="com.Neckermann.TestClass.Verify_whether_user_clickontheContent_from_ThingsToDo_Page" name="clickontheContent" time="51.173"/>
  <system-out/>
</testsuite> <!-- com.Neckermann.TestClass.Verify_whether_user_clickontheContent_from_ThingsToDo_Page -->
