<?xml version="1.0" encoding="UTF-8"?>
<!-- Generated by org.testng.reporters.JUnitReportReporter -->
<testsuite hostname="WA000034" failures="0" tests="3" name="com.Neckermann.TestClass.Verify_viewmore_button_On_Destination_Page_For_7_To_9_Destinations" time="34.159" errors="0" timestamp="2023-07-11T16:20:31 IST" skipped="0">
  <testcase classname="com.Neckermann.TestClass.Verify_viewmore_button_On_Destination_Page_For_7_To_9_Destinations" name="viewmorw_button_Functionality" time="11.038"/>
  <system-out/>
  <testcase classname="com.Neckermann.TestClass.Verify_viewmore_button_On_Destination_Page_For_7_To_9_Destinations" name="viewmorw_button_Functionality" time="12.185"/>
  <system-out/>
  <testcase classname="com.Neckermann.TestClass.Verify_viewmore_button_On_Destination_Page_For_7_To_9_Destinations" name="viewmorw_button_Functionality" time="10.936"/>
  <system-out/>
</testsuite> <!-- com.Neckermann.TestClass.Verify_viewmore_button_On_Destination_Page_For_7_To_9_Destinations -->
