<?xml version="1.0" encoding="UTF-8"?>
<!-- Generated by org.testng.reporters.JUnitReportReporter -->
<testsuite hostname="WA000034" failures="0" tests="11" name="com.Neckermann.TestClass.Destination_Functionality" time="39.697" errors="0" timestamp="2023-06-29T11:41:41 IST" skipped="9">
  <testcase classname="com.Neckermann.TestClass.Destination_Functionality" name="viewmorw_button_Functionality" time="24.482"/>
  <system-out/>
  <testcase classname="com.Neckermann.TestClass.Destination_Functionality" name="socialmedia_linkdin_Functionality" time="15.215"/>
  <system-out/>
  <testcase classname="com.Neckermann.TestClass.Destination_Functionality" name="breadcrumb_clicking_functionality">
    <skipped/>
  </testcase> <!-- breadcrumb_clicking_functionality -->
  <system-out/>
  <testcase classname="com.Neckermann.TestClass.Destination_Functionality" name="socialmedia_twitter_Functionality">
    <skipped/>
  </testcase> <!-- socialmedia_twitter_Functionality -->
  <system-out/>
  <testcase classname="com.Neckermann.TestClass.Destination_Functionality" name="clickonthingstodo">
    <skipped/>
  </testcase> <!-- clickonthingstodo -->
  <system-out/>
  <testcase classname="com.Neckermann.TestClass.Destination_Functionality" name="socialmedia_instagram_Functionality">
    <skipped/>
  </testcase> <!-- socialmedia_instagram_Functionality -->
  <system-out/>
  <testcase classname="com.Neckermann.TestClass.Destination_Functionality" name="clickontravelguide">
    <skipped/>
  </testcase> <!-- clickontravelguide -->
  <system-out/>
  <testcase classname="com.Neckermann.TestClass.Destination_Functionality" name="socialmedia_Facebook_Functionality">
    <skipped/>
  </testcase> <!-- socialmedia_Facebook_Functionality -->
  <system-out/>
  <testcase classname="com.Neckermann.TestClass.Destination_Functionality" name="Destination_searchwidget_Breadcrumb_moredestination_visibility">
    <skipped/>
  </testcase> <!-- Destination_searchwidget_Breadcrumb_moredestination_visibility -->
  <system-out/>
  <testcase classname="com.Neckermann.TestClass.Destination_Functionality" name="Homepage_Destination_click_Visibility">
    <skipped/>
  </testcase> <!-- Homepage_Destination_click_Visibility -->
  <system-out/>
  <testcase classname="com.Neckermann.TestClass.Destination_Functionality" name="clickdestinationfrommoredestination">
    <skipped/>
  </testcase> <!-- clickdestinationfrommoredestination -->
  <system-out/>
</testsuite> <!-- com.Neckermann.TestClass.Destination_Functionality -->
