<?xml version="1.0" encoding="UTF-8"?>
<!-- Generated by org.testng.reporters.JUnitReportReporter -->
<testsuite hostname="WA000034" failures="0" tests="1" name="com.Neckermann.TestClass.VerifyWhether_User_clickon_collectionTab_from_braedcrumb_on_CollectionPage" time="11.146" errors="0" timestamp="2023-07-04T15:41:11 IST" skipped="0">
  <testcase classname="com.Neckermann.TestClass.VerifyWhether_User_clickon_collectionTab_from_braedcrumb_on_CollectionPage" name="clickon_collections_from_braedcrumb" time="11.146"/>
  <system-out/>
</testsuite> <!-- com.Neckermann.TestClass.VerifyWhether_User_clickon_collectionTab_from_braedcrumb_on_CollectionPage -->
