<?xml version="1.0" encoding="UTF-8"?>
<!-- Generated by org.testng.reporters.JUnitReportReporter -->
<testsuite hostname="WA000034" failures="0" tests="1" name="com.Neckermann.TestClass.Atolprotecetdfunctionality_visiblityofNewsletter_Footer" time="4.937" errors="0" timestamp="2023-06-13T17:40:37 IST" skipped="0">
  <testcase classname="com.Neckermann.TestClass.Atolprotecetdfunctionality_visiblityofNewsletter_Footer" name="Atolprotecetdfunctionality_visiblityofNewsletter_Footer1" time="4.937"/>
  <system-out/>
</testsuite> <!-- com.Neckermann.TestClass.Atolprotecetdfunctionality_visiblityofNewsletter_Footer -->
