<?xml version="1.0" encoding="UTF-8"?>
<!-- Generated by org.testng.reporters.JUnitReportReporter -->
<testsuite hostname="WA000034" failures="0" tests="6" name="com.Neckermann.TestClass.Verifywhether_click_on_component_from_more_collection" time="88.126" errors="0" timestamp="2023-07-19T13:54:15 IST" skipped="0">
  <testcase classname="com.Neckermann.TestClass.Verifywhether_click_on_component_from_more_collection" name="clickoncomponentfrommorecollection" time="17.543"/>
  <system-out/>
  <testcase classname="com.Neckermann.TestClass.Verifywhether_click_on_component_from_more_collection" name="clickoncomponentfrommorecollection" time="16.186"/>
  <system-out/>
  <testcase classname="com.Neckermann.TestClass.Verifywhether_click_on_component_from_more_collection" name="clickoncomponentfrommorecollection" time="12.306"/>
  <system-out/>
  <testcase classname="com.Neckermann.TestClass.Verifywhether_click_on_component_from_more_collection" name="clickoncomponentfrommorecollection" time="10.583"/>
  <system-out/>
  <testcase classname="com.Neckermann.TestClass.Verifywhether_click_on_component_from_more_collection" name="clickoncomponentfrommorecollection" time="14.020"/>
  <system-out/>
  <testcase classname="com.Neckermann.TestClass.Verifywhether_click_on_component_from_more_collection" name="clickoncomponentfrommorecollection" time="17.488"/>
  <system-out/>
</testsuite> <!-- com.Neckermann.TestClass.Verifywhether_click_on_component_from_more_collection -->
