<?xml version="1.0" encoding="UTF-8"?>
<!-- Generated by org.testng.reporters.JUnitReportReporter -->
<testsuite hostname="WA000034" failures="0" tests="6" name="com.Neckermann.TestClass.Verify_TravelGuidePage_Opens_on_DestinationsPage_For_1_To_6_Destinations" time="58.702" errors="0" timestamp="2023-07-05T16:13:14 IST" skipped="0">
  <testcase classname="com.Neckermann.TestClass.Verify_TravelGuidePage_Opens_on_DestinationsPage_For_1_To_6_Destinations" name="clickontravelguide" time="9.521"/>
  <system-out/>
  <testcase classname="com.Neckermann.TestClass.Verify_TravelGuidePage_Opens_on_DestinationsPage_For_1_To_6_Destinations" name="clickontravelguide" time="9.087"/>
  <system-out/>
  <testcase classname="com.Neckermann.TestClass.Verify_TravelGuidePage_Opens_on_DestinationsPage_For_1_To_6_Destinations" name="clickontravelguide" time="11.406"/>
  <system-out/>
  <testcase classname="com.Neckermann.TestClass.Verify_TravelGuidePage_Opens_on_DestinationsPage_For_1_To_6_Destinations" name="clickontravelguide" time="9.602"/>
  <system-out/>
  <testcase classname="com.Neckermann.TestClass.Verify_TravelGuidePage_Opens_on_DestinationsPage_For_1_To_6_Destinations" name="clickontravelguide" time="9.451"/>
  <system-out/>
  <testcase classname="com.Neckermann.TestClass.Verify_TravelGuidePage_Opens_on_DestinationsPage_For_1_To_6_Destinations" name="clickontravelguide" time="9.635"/>
  <system-out/>
</testsuite> <!-- com.Neckermann.TestClass.Verify_TravelGuidePage_Opens_on_DestinationsPage_For_1_To_6_Destinations -->
