<?xml version="1.0" encoding="UTF-8"?>
<!-- Generated by org.testng.reporters.JUnitReportReporter -->
<testsuite hostname="WA000034" failures="0" tests="6" name="com.Neckermann.TestClass.Verify_whether_User_clickon_SeeAll_button_from_ThingsToDo_Page_For_1_To_6_Destinations" time="72.866" errors="0" timestamp="2023-07-19T16:23:12 IST" skipped="0">
  <testcase classname="com.Neckermann.TestClass.Verify_whether_User_clickon_SeeAll_button_from_ThingsToDo_Page_For_1_To_6_Destinations" name="clickonseeallbutton_functionality" time="10.428"/>
  <system-out/>
  <testcase classname="com.Neckermann.TestClass.Verify_whether_User_clickon_SeeAll_button_from_ThingsToDo_Page_For_1_To_6_Destinations" name="clickonseeallbutton_functionality" time="9.553"/>
  <system-out/>
  <testcase classname="com.Neckermann.TestClass.Verify_whether_User_clickon_SeeAll_button_from_ThingsToDo_Page_For_1_To_6_Destinations" name="clickonseeallbutton_functionality" time="14.567"/>
  <system-out/>
  <testcase classname="com.Neckermann.TestClass.Verify_whether_User_clickon_SeeAll_button_from_ThingsToDo_Page_For_1_To_6_Destinations" name="clickonseeallbutton_functionality" time="10.214"/>
  <system-out/>
  <testcase classname="com.Neckermann.TestClass.Verify_whether_User_clickon_SeeAll_button_from_ThingsToDo_Page_For_1_To_6_Destinations" name="clickonseeallbutton_functionality" time="11.803"/>
  <system-out/>
  <testcase classname="com.Neckermann.TestClass.Verify_whether_User_clickon_SeeAll_button_from_ThingsToDo_Page_For_1_To_6_Destinations" name="clickonseeallbutton_functionality" time="16.301"/>
  <system-out/>
</testsuite> <!-- com.Neckermann.TestClass.Verify_whether_User_clickon_SeeAll_button_from_ThingsToDo_Page_For_1_To_6_Destinations -->
