<?xml version="1.0" encoding="UTF-8"?>
<!-- Generated by org.testng.reporters.JUnitReportReporter -->
<testsuite hostname="WA000034" failures="0" tests="6" name="com.Neckermann.TestClass.Verify_Whether_UserClickon_Destination_From_HomePage" time="28.297" errors="0" timestamp="2023-07-05T15:33:37 IST" skipped="0">
  <testcase classname="com.Neckermann.TestClass.Verify_Whether_UserClickon_Destination_From_HomePage" name="Destinations_HomePage_functioanlity" time="6.427"/>
  <system-out/>
  <testcase classname="com.Neckermann.TestClass.Verify_Whether_UserClickon_Destination_From_HomePage" name="Destinations_HomePage_functioanlity" time="4.382"/>
  <system-out/>
  <testcase classname="com.Neckermann.TestClass.Verify_Whether_UserClickon_Destination_From_HomePage" name="Destinations_HomePage_functioanlity" time="4.391"/>
  <system-out/>
  <testcase classname="com.Neckermann.TestClass.Verify_Whether_UserClickon_Destination_From_HomePage" name="Destinations_HomePage_functioanlity" time="4.311"/>
  <system-out/>
  <testcase classname="com.Neckermann.TestClass.Verify_Whether_UserClickon_Destination_From_HomePage" name="Destinations_HomePage_functioanlity" time="4.383"/>
  <system-out/>
  <testcase classname="com.Neckermann.TestClass.Verify_Whether_UserClickon_Destination_From_HomePage" name="Destinations_HomePage_functioanlity" time="4.403"/>
  <system-out/>
</testsuite> <!-- com.Neckermann.TestClass.Verify_Whether_UserClickon_Destination_From_HomePage -->
