<?xml version="1.0" encoding="UTF-8"?>
<!-- Generated by org.testng.reporters.JUnitReportReporter -->
<testsuite hostname="WA000034" failures="0" tests="1" name="com.Neckermann.TestClass.Blog_Functionality" time="8.489" errors="0" timestamp="2023-07-20T11:48:53 IST" skipped="0">
  <testcase classname="com.Neckermann.TestClass.Blog_Functionality" name="name" time="8.489"/>
  <system-out/>
</testsuite> <!-- com.Neckermann.TestClass.Blog_Functionality -->
