<?xml version="1.0" encoding="UTF-8"?>
<!-- Generated by org.testng.reporters.JUnitReportReporter -->
<testsuite hostname="WA000034" failures="0" tests="1" name="com.Neckermann.TestClass.aaaaaaaaaaaaaaaa" time="9.372" errors="0" timestamp="2023-07-03T17:26:55 IST" skipped="0">
  <testcase classname="com.Neckermann.TestClass.aaaaaaaaaaaaaaaa" name="Newsletter_Homepage_Functionality1" time="9.372"/>
  <system-out/>
</testsuite> <!-- com.Neckermann.TestClass.aaaaaaaaaaaaaaaa -->
