<?xml version="1.0" encoding="UTF-8"?>
<!-- Generated by org.testng.reporters.JUnitReportReporter -->
<testsuite hostname="WA000034" failures="0" tests="1" name="com.Neckermann.TestClass.Legal_policies_Functionality" time="13.341" errors="0" timestamp="2023-06-29T15:57:12 IST" skipped="0">
  <testcase classname="com.Neckermann.TestClass.Legal_policies_Functionality" name="Privacy_Policy_Functionality" time="13.341"/>
  <system-out/>
</testsuite> <!-- com.Neckermann.TestClass.Legal_policies_Functionality -->
