<?xml version="1.0" encoding="UTF-8"?>
<!-- Generated by org.testng.reporters.JUnitReportReporter -->
<testsuite hostname="WA000034" failures="0" tests="3" name="com.Neckermann.TestClass.Verify_whether_User_click_on_Travel_advicelink_For_7_To_9_Destinations" time="36.844" errors="0" timestamp="2023-07-12T16:29:43 IST" skipped="0">
  <testcase classname="com.Neckermann.TestClass.Verify_whether_User_click_on_Travel_advicelink_For_7_To_9_Destinations" name="visa_healthlink_Functionality" time="13.567"/>
  <system-out/>
  <testcase classname="com.Neckermann.TestClass.Verify_whether_User_click_on_Travel_advicelink_For_7_To_9_Destinations" name="visa_healthlink_Functionality" time="11.123"/>
  <system-out/>
  <testcase classname="com.Neckermann.TestClass.Verify_whether_User_click_on_Travel_advicelink_For_7_To_9_Destinations" name="visa_healthlink_Functionality" time="12.154"/>
  <system-out/>
</testsuite> <!-- com.Neckermann.TestClass.Verify_whether_User_click_on_Travel_advicelink_For_7_To_9_Destinations -->
