<?xml version="1.0" encoding="UTF-8"?>
<!-- Generated by org.testng.reporters.JUnitReportReporter -->
<testsuite hostname="WA000034" failures="0" tests="1" name="com.Neckermann.TestClass.VerfiyThe_InvalidEmail_FailureMessage_Visibility_on_Newsletter" time="6.955" errors="0" timestamp="2023-07-04T11:36:31 IST" skipped="0">
  <testcase classname="com.Neckermann.TestClass.VerfiyThe_InvalidEmail_FailureMessage_Visibility_on_Newsletter" name="Newsletter_Homepage_Negativetestcase2_Functionality" time="6.955"/>
  <system-out/>
</testsuite> <!-- com.Neckermann.TestClass.VerfiyThe_InvalidEmail_FailureMessage_Visibility_on_Newsletter -->
