<?xml version="1.0" encoding="UTF-8"?>
<!-- Generated by org.testng.reporters.JUnitReportReporter -->
<testsuite hostname="WA000034" failures="0" tests="6" name="com.Neckermann.TestClass.Aboutus_functionality" time="34.287" errors="0" timestamp="2023-06-15T16:43:28 IST" skipped="0">
  <testcase classname="com.Neckermann.TestClass.Aboutus_functionality" name="Aboutusfunctionality_visiblityofNewsletter" time="3.750"/>
  <system-out/>
  <testcase classname="com.Neckermann.TestClass.Aboutus_functionality" name="AboutuspageElement_nextbackarrow_Functionality" time="9.244"/>
  <system-out/>
  <testcase classname="com.Neckermann.TestClass.Aboutus_functionality" name="AboutUSFunctionality_HomePage_Header" time="3.675"/>
  <system-out/>
  <testcase classname="com.Neckermann.TestClass.Aboutus_functionality" name="AboutuspageElement_Trustpilot_Functionality" time="7.414"/>
  <system-out/>
  <testcase classname="com.Neckermann.TestClass.Aboutus_functionality" name="AboutUSFunctionality_HomePage_Footer" time="4.267"/>
  <system-out/>
  <testcase classname="com.Neckermann.TestClass.Aboutus_functionality" name="AboutuspageElement_contactus_Functionality" time="5.937"/>
  <system-out/>
</testsuite> <!-- com.Neckermann.TestClass.Aboutus_functionality -->
