<?xml version="1.0" encoding="UTF-8"?>
<!-- Generated by org.testng.reporters.JUnitReportReporter -->
<testsuite hostname="WA000034" failures="0" tests="1" name="com.Neckermann.TestClass.Things_To_do_Functionality" time="28.196" errors="0" timestamp="2023-07-05T11:35:52 IST" skipped="0">
  <testcase classname="com.Neckermann.TestClass.Things_To_do_Functionality" name="clickonalltheindivisualblog_functionality" time="28.196"/>
  <system-out/>
</testsuite> <!-- com.Neckermann.TestClass.Things_To_do_Functionality -->
