<?xml version="1.0" encoding="UTF-8"?>
<!-- Generated by org.testng.reporters.JUnitReportReporter -->
<testsuite hostname="WA000034" failures="0" tests="6" name="com.Neckermann.TestClass.VerifyWhether_User_clickon_HomeTab_from_braedcrumb_on_CollectionPage" time="51.538" errors="0" timestamp="2023-07-11T16:04:51 IST" skipped="0">
  <testcase classname="com.Neckermann.TestClass.VerifyWhether_User_clickon_HomeTab_from_braedcrumb_on_CollectionPage" name="clickon_Home_Tab_from_hamburger" time="8.343"/>
  <system-out/>
  <testcase classname="com.Neckermann.TestClass.VerifyWhether_User_clickon_HomeTab_from_braedcrumb_on_CollectionPage" name="clickon_Home_Tab_from_hamburger" time="8.683"/>
  <system-out/>
  <testcase classname="com.Neckermann.TestClass.VerifyWhether_User_clickon_HomeTab_from_braedcrumb_on_CollectionPage" name="clickon_Home_Tab_from_hamburger" time="8.566"/>
  <system-out/>
  <testcase classname="com.Neckermann.TestClass.VerifyWhether_User_clickon_HomeTab_from_braedcrumb_on_CollectionPage" name="clickon_Home_Tab_from_hamburger" time="8.481"/>
  <system-out/>
  <testcase classname="com.Neckermann.TestClass.VerifyWhether_User_clickon_HomeTab_from_braedcrumb_on_CollectionPage" name="clickon_Home_Tab_from_hamburger" time="8.857"/>
  <system-out/>
  <testcase classname="com.Neckermann.TestClass.VerifyWhether_User_clickon_HomeTab_from_braedcrumb_on_CollectionPage" name="clickon_Home_Tab_from_hamburger" time="8.608"/>
  <system-out/>
</testsuite> <!-- com.Neckermann.TestClass.VerifyWhether_User_clickon_HomeTab_from_braedcrumb_on_CollectionPage -->
