<?xml version="1.0" encoding="UTF-8"?>
<!-- Generated by org.testng.reporters.JUnitReportReporter -->
<testsuite hostname="WA000034" failures="0" tests="6" name="com.Neckermann.TestClass.Verify_whether_user_should_Click_Tourist_informationlink_from_TravelGuide_Page_from_1_to_6" time="85.683" errors="0" timestamp="2023-07-12T10:48:37 IST" skipped="0">
  <testcase classname="com.Neckermann.TestClass.Verify_whether_user_should_Click_Tourist_informationlink_from_TravelGuide_Page_from_1_to_6" name="tourist_informationlink_Functionality" time="14.071"/>
  <system-out/>
  <testcase classname="com.Neckermann.TestClass.Verify_whether_user_should_Click_Tourist_informationlink_from_TravelGuide_Page_from_1_to_6" name="tourist_informationlink_Functionality" time="13.137"/>
  <system-out/>
  <testcase classname="com.Neckermann.TestClass.Verify_whether_user_should_Click_Tourist_informationlink_from_TravelGuide_Page_from_1_to_6" name="tourist_informationlink_Functionality" time="14.939"/>
  <system-out/>
  <testcase classname="com.Neckermann.TestClass.Verify_whether_user_should_Click_Tourist_informationlink_from_TravelGuide_Page_from_1_to_6" name="tourist_informationlink_Functionality" time="14.896"/>
  <system-out/>
  <testcase classname="com.Neckermann.TestClass.Verify_whether_user_should_Click_Tourist_informationlink_from_TravelGuide_Page_from_1_to_6" name="tourist_informationlink_Functionality" time="14.884"/>
  <system-out/>
  <testcase classname="com.Neckermann.TestClass.Verify_whether_user_should_Click_Tourist_informationlink_from_TravelGuide_Page_from_1_to_6" name="tourist_informationlink_Functionality" time="13.756"/>
  <system-out/>
</testsuite> <!-- com.Neckermann.TestClass.Verify_whether_user_should_Click_Tourist_informationlink_from_TravelGuide_Page_from_1_to_6 -->
