<?xml version="1.0" encoding="UTF-8"?>
<!-- Generated by org.testng.reporters.JUnitReportReporter -->
<testsuite hostname="WA000034" failures="0" tests="1" name="com.Neckermann.TestClass.Destinations_HomePage_functioanlity" time="6.629" errors="0" timestamp="2023-06-13T11:35:15 IST" skipped="0">
  <testcase classname="com.Neckermann.TestClass.Destinations_HomePage_functioanlity" name="Destinations_HomePage_functioanlity" time="6.629"/>
  <system-out/>
</testsuite> <!-- com.Neckermann.TestClass.Destinations_HomePage_functioanlity -->
