<?xml version="1.0" encoding="UTF-8"?>
<!-- Generated by org.testng.reporters.JUnitReportReporter -->
<testsuite hostname="WA000034" failures="0" tests="1" name="com.Neckermann.TestClass.AboutUSFunctionality" time="14.966" errors="0" timestamp="2023-06-13T11:00:40 IST" skipped="0">
  <testcase classname="com.Neckermann.TestClass.AboutUSFunctionality" name="aboutusfunctionality" time="14.966"/>
  <system-out/>
</testsuite> <!-- com.Neckermann.TestClass.AboutUSFunctionality -->
