<?xml version="1.0" encoding="UTF-8"?>
<!-- Generated by org.testng.reporters.JUnitReportReporter -->
<testsuite hostname="WA000034" failures="0" tests="1" name="com.Neckermann.TestClass.VerifyWhethre_User_clickonthe_Trustpilot_from_Aboutus_page" time="13.623" errors="0" timestamp="2023-07-03T15:09:02 IST" skipped="0">
  <testcase classname="com.Neckermann.TestClass.VerifyWhethre_User_clickonthe_Trustpilot_from_Aboutus_page" name="AboutuspageElement_Trustpilot_Functionality" time="13.623"/>
  <system-out/>
</testsuite> <!-- com.Neckermann.TestClass.VerifyWhethre_User_clickonthe_Trustpilot_from_Aboutus_page -->
