<?xml version="1.0" encoding="UTF-8"?>
<!-- Generated by org.testng.reporters.JUnitReportReporter -->
<testsuite hostname="WA000034" failures="0" tests="6" name="com.Neckermann.TestClass.Verify_whether_User_click_on_Travel_advicelink_For_1_To_6_Destinations" time="78.884" errors="0" timestamp="2023-07-12T16:29:43 IST" skipped="0">
  <testcase classname="com.Neckermann.TestClass.Verify_whether_User_click_on_Travel_advicelink_For_1_To_6_Destinations" name="visa_healthlink_Functionality" time="12.264"/>
  <system-out/>
  <testcase classname="com.Neckermann.TestClass.Verify_whether_User_click_on_Travel_advicelink_For_1_To_6_Destinations" name="visa_healthlink_Functionality" time="11.280"/>
  <system-out/>
  <testcase classname="com.Neckermann.TestClass.Verify_whether_User_click_on_Travel_advicelink_For_1_To_6_Destinations" name="visa_healthlink_Functionality" time="12.281"/>
  <system-out/>
  <testcase classname="com.Neckermann.TestClass.Verify_whether_User_click_on_Travel_advicelink_For_1_To_6_Destinations" name="visa_healthlink_Functionality" time="13.328"/>
  <system-out/>
  <testcase classname="com.Neckermann.TestClass.Verify_whether_User_click_on_Travel_advicelink_For_1_To_6_Destinations" name="visa_healthlink_Functionality" time="11.798"/>
  <system-out/>
  <testcase classname="com.Neckermann.TestClass.Verify_whether_User_click_on_Travel_advicelink_For_1_To_6_Destinations" name="visa_healthlink_Functionality" time="17.933"/>
  <system-out/>
</testsuite> <!-- com.Neckermann.TestClass.Verify_whether_User_click_on_Travel_advicelink_For_1_To_6_Destinations -->
