<?xml version="1.0" encoding="UTF-8"?>
<!-- Generated by org.testng.reporters.JUnitReportReporter -->
<testsuite hostname="WA000034" failures="0" tests="1" name="com.Neckermann.TestClass.Verify_AfterpassingNullValue_InNewsletter_visibilityof_enteremailerror_InNewsletter" time="14.014" errors="0" timestamp="2023-07-19T12:22:54 IST" skipped="0">
  <testcase classname="com.Neckermann.TestClass.Verify_AfterpassingNullValue_InNewsletter_visibilityof_enteremailerror_InNewsletter" name="Newsletter_Homepage_Negativetestcase3_Functionality" time="14.014"/>
  <system-out/>
</testsuite> <!-- com.Neckermann.TestClass.Verify_AfterpassingNullValue_InNewsletter_visibilityof_enteremailerror_InNewsletter -->
