<?xml version="1.0" encoding="UTF-8"?>
<!-- Generated by org.testng.reporters.JUnitReportReporter -->
<testsuite hostname="WA000034" failures="0" tests="5" name="com.Neckermann.TestClass.Other_Functionality_From_Homepage" time="7.929" errors="0" timestamp="2023-06-29T16:12:11 IST" skipped="4">
  <testcase classname="com.Neckermann.TestClass.Other_Functionality_From_Homepage" name="contactusfromhamburgermenu" time="7.929"/>
  <system-out/>
  <testcase classname="com.Neckermann.TestClass.Other_Functionality_From_Homepage" name="Review_onThe_Homepage_Functionality">
    <skipped/>
  </testcase> <!-- Review_onThe_Homepage_Functionality -->
  <system-out/>
  <testcase classname="com.Neckermann.TestClass.Other_Functionality_From_Homepage" name="FlashDealsVideo_functionality">
    <skipped/>
  </testcase> <!-- FlashDealsVideo_functionality -->
  <system-out/>
  <testcase classname="com.Neckermann.TestClass.Other_Functionality_From_Homepage" name="Trust_cards_onhomepage_Functionality1">
    <skipped/>
  </testcase> <!-- Trust_cards_onhomepage_Functionality1 -->
  <system-out/>
  <testcase classname="com.Neckermann.TestClass.Other_Functionality_From_Homepage" name="Neckermann_Logo_Functionality">
    <skipped/>
  </testcase> <!-- Neckermann_Logo_Functionality -->
  <system-out/>
</testsuite> <!-- com.Neckermann.TestClass.Other_Functionality_From_Homepage -->
