<?xml version="1.0" encoding="UTF-8"?>
<!-- Generated by org.testng.reporters.JUnitReportReporter -->
<testsuite hostname="WA000034" failures="0" tests="9" name="com.Neckermann.TestClass.Things_To_do_Functionality" time="28.797" errors="0" timestamp="2023-06-30T12:53:34 IST" skipped="8">
  <testcase classname="com.Neckermann.TestClass.Things_To_do_Functionality" name="clickonalltheindivisualblog_functionality" time="28.797"/>
  <system-out/>
  <testcase classname="com.Neckermann.TestClass.Things_To_do_Functionality" name="clickonseeallbutton_functionality">
    <skipped/>
  </testcase> <!-- clickonseeallbutton_functionality -->
  <system-out/>
  <testcase classname="com.Neckermann.TestClass.Things_To_do_Functionality" name="clickonindivisualblog_functionality">
    <skipped/>
  </testcase> <!-- clickonindivisualblog_functionality -->
  <system-out/>
  <testcase classname="com.Neckermann.TestClass.Things_To_do_Functionality" name="clickonfacebook">
    <skipped/>
  </testcase> <!-- clickonfacebook -->
  <system-out/>
  <testcase classname="com.Neckermann.TestClass.Things_To_do_Functionality" name="clickonlinkdin">
    <skipped/>
  </testcase> <!-- clickonlinkdin -->
  <system-out/>
  <testcase classname="com.Neckermann.TestClass.Things_To_do_Functionality" name="visibilityofcomponents_onthingstodothrows">
    <skipped/>
  </testcase> <!-- visibilityofcomponents_onthingstodothrows -->
  <system-out/>
  <testcase classname="com.Neckermann.TestClass.Things_To_do_Functionality" name="clickontheContent">
    <skipped/>
  </testcase> <!-- clickontheContent -->
  <system-out/>
  <testcase classname="com.Neckermann.TestClass.Things_To_do_Functionality" name="clickoninstagram">
    <skipped/>
  </testcase> <!-- clickoninstagram -->
  <system-out/>
  <testcase classname="com.Neckermann.TestClass.Things_To_do_Functionality" name="clickontwitter">
    <skipped/>
  </testcase> <!-- clickontwitter -->
  <system-out/>
</testsuite> <!-- com.Neckermann.TestClass.Things_To_do_Functionality -->
