<?xml version="1.0" encoding="UTF-8"?>
<!-- Generated by org.testng.reporters.JUnitReportReporter -->
<testsuite hostname="WA000034" failures="0" tests="6" name="com.Neckermann.TestClass.Verify_IndividualhotelOpen_After_clicking_ViewButton_OncollectionPage" time="101.223" errors="0" timestamp="2023-07-19T14:48:40 IST" skipped="0">
  <testcase classname="com.Neckermann.TestClass.Verify_IndividualhotelOpen_After_clicking_ViewButton_OncollectionPage" name="clickon_View_button" time="14.278"/>
  <system-out/>
  <testcase classname="com.Neckermann.TestClass.Verify_IndividualhotelOpen_After_clicking_ViewButton_OncollectionPage" name="clickon_View_button" time="15.065"/>
  <system-out/>
  <testcase classname="com.Neckermann.TestClass.Verify_IndividualhotelOpen_After_clicking_ViewButton_OncollectionPage" name="clickon_View_button" time="21.428"/>
  <system-out/>
  <testcase classname="com.Neckermann.TestClass.Verify_IndividualhotelOpen_After_clicking_ViewButton_OncollectionPage" name="clickon_View_button" time="15.636"/>
  <system-out/>
  <testcase classname="com.Neckermann.TestClass.Verify_IndividualhotelOpen_After_clicking_ViewButton_OncollectionPage" name="clickon_View_button" time="17.500"/>
  <system-out/>
  <testcase classname="com.Neckermann.TestClass.Verify_IndividualhotelOpen_After_clicking_ViewButton_OncollectionPage" name="clickon_View_button" time="17.316"/>
  <system-out/>
</testsuite> <!-- com.Neckermann.TestClass.Verify_IndividualhotelOpen_After_clicking_ViewButton_OncollectionPage -->
