<?xml version="1.0" encoding="UTF-8"?>
<!-- Generated by org.testng.reporters.JUnitReportReporter -->
<testsuite hostname="WA000034" failures="0" tests="1" name="com.Neckermann.TestClass.VerifyWhether_fromthe_aboutusPage_User_clickon_forward_and_BackwardArrow_intheReviewSection" time="8.164" errors="0" timestamp="2023-07-03T15:04:44 IST" skipped="0">
  <testcase classname="com.Neckermann.TestClass.VerifyWhether_fromthe_aboutusPage_User_clickon_forward_and_BackwardArrow_intheReviewSection" name="AboutuspageElement_nextbackarrow_Functionality" time="8.164"/>
  <system-out/>
</testsuite> <!-- com.Neckermann.TestClass.VerifyWhether_fromthe_aboutusPage_User_clickon_forward_and_BackwardArrow_intheReviewSection -->
