<?xml version="1.0" encoding="UTF-8"?>
<!-- Generated by org.testng.reporters.JUnitReportReporter -->
<testsuite hostname="WA000034" failures="0" tests="1" name="com.Neckermann.TestClass.Verify_The_TrustCard_Functionality_onHome_Page" time="3.684" errors="0" timestamp="2023-07-19T10:08:37 IST" skipped="0">
  <testcase classname="com.Neckermann.TestClass.Verify_The_TrustCard_Functionality_onHome_Page" name="Trust_cards_onhomepage_Functionality1" time="3.684"/>
  <system-out/>
</testsuite> <!-- com.Neckermann.TestClass.Verify_The_TrustCard_Functionality_onHome_Page -->
