<?xml version="1.0" encoding="UTF-8"?>
<!-- Generated by org.testng.reporters.JUnitReportReporter -->
<testsuite hostname="WA000034" failures="0" tests="6" name="com.Neckermann.TestClass.Verify_The_title_of_collection_Page" time="75.996" errors="0" timestamp="2023-07-19T13:57:05 IST" skipped="0">
  <testcase classname="com.Neckermann.TestClass.Verify_The_title_of_collection_Page" name="check_title_ofcollection" time="12.937"/>
  <system-out/>
  <testcase classname="com.Neckermann.TestClass.Verify_The_title_of_collection_Page" name="check_title_ofcollection" time="15.244"/>
  <system-out/>
  <testcase classname="com.Neckermann.TestClass.Verify_The_title_of_collection_Page" name="check_title_ofcollection" time="14.071"/>
  <system-out/>
  <testcase classname="com.Neckermann.TestClass.Verify_The_title_of_collection_Page" name="check_title_ofcollection" time="9.114"/>
  <system-out/>
  <testcase classname="com.Neckermann.TestClass.Verify_The_title_of_collection_Page" name="check_title_ofcollection" time="9.561"/>
  <system-out/>
  <testcase classname="com.Neckermann.TestClass.Verify_The_title_of_collection_Page" name="check_title_ofcollection" time="15.069"/>
  <system-out/>
</testsuite> <!-- com.Neckermann.TestClass.Verify_The_title_of_collection_Page -->
