<?xml version="1.0" encoding="UTF-8"?>
<!-- Generated by org.testng.reporters.JUnitReportReporter -->
<testsuite hostname="WA000034" failures="0" tests="1" name="com.Neckermann.TestClass.ee" time="11.177" errors="0" timestamp="2023-07-04T17:13:01 IST" skipped="0">
  <testcase classname="com.Neckermann.TestClass.ee" name="breadcrumb_clicking_functionality" time="11.177"/>
  <system-out/>
</testsuite> <!-- com.Neckermann.TestClass.ee -->
