<?xml version="1.0" encoding="UTF-8"?>
<!-- Generated by org.testng.reporters.JUnitReportReporter -->
<testsuite hostname="WA000034" failures="0" tests="6" name="com.Neckermann.TestClass.VerifyWhether_User_clickon_collectionTab_from_braedcrumb_on_CollectionPage" time="56.222" errors="0" timestamp="2023-07-11T16:04:50 IST" skipped="0">
  <testcase classname="com.Neckermann.TestClass.VerifyWhether_User_clickon_collectionTab_from_braedcrumb_on_CollectionPage" name="clickon_collections_from_braedcrumb" time="12.077"/>
  <system-out/>
  <testcase classname="com.Neckermann.TestClass.VerifyWhether_User_clickon_collectionTab_from_braedcrumb_on_CollectionPage" name="clickon_collections_from_braedcrumb" time="8.538"/>
  <system-out/>
  <testcase classname="com.Neckermann.TestClass.VerifyWhether_User_clickon_collectionTab_from_braedcrumb_on_CollectionPage" name="clickon_collections_from_braedcrumb" time="9.136"/>
  <system-out/>
  <testcase classname="com.Neckermann.TestClass.VerifyWhether_User_clickon_collectionTab_from_braedcrumb_on_CollectionPage" name="clickon_collections_from_braedcrumb" time="8.265"/>
  <system-out/>
  <testcase classname="com.Neckermann.TestClass.VerifyWhether_User_clickon_collectionTab_from_braedcrumb_on_CollectionPage" name="clickon_collections_from_braedcrumb" time="8.826"/>
  <system-out/>
  <testcase classname="com.Neckermann.TestClass.VerifyWhether_User_clickon_collectionTab_from_braedcrumb_on_CollectionPage" name="clickon_collections_from_braedcrumb" time="9.380"/>
  <system-out/>
</testsuite> <!-- com.Neckermann.TestClass.VerifyWhether_User_clickon_collectionTab_from_braedcrumb_on_CollectionPage -->
