<?xml version="1.0" encoding="UTF-8"?>
<!-- Generated by org.testng.reporters.JUnitReportReporter -->
<testsuite hostname="WA000034" failures="0" tests="3" name="com.Neckermann.TestClass.Verify_view_button_Functionality_on_Destination_Page_For_7_To_9_Destinations" time="135.621" errors="0" timestamp="2023-07-19T15:08:40 IST" skipped="0">
  <testcase classname="com.Neckermann.TestClass.Verify_view_button_Functionality_on_Destination_Page_For_7_To_9_Destinations" name="clickontravelguide" time="42.840"/>
  <system-out/>
  <testcase classname="com.Neckermann.TestClass.Verify_view_button_Functionality_on_Destination_Page_For_7_To_9_Destinations" name="clickontravelguide" time="48.732"/>
  <system-out/>
  <testcase classname="com.Neckermann.TestClass.Verify_view_button_Functionality_on_Destination_Page_For_7_To_9_Destinations" name="clickontravelguide" time="44.049"/>
  <system-out/>
</testsuite> <!-- com.Neckermann.TestClass.Verify_view_button_Functionality_on_Destination_Page_For_7_To_9_Destinations -->
