<?xml version="1.0" encoding="UTF-8"?>
<!-- Generated by org.testng.reporters.JUnitReportReporter -->
<testsuite hostname="WA000034" failures="0" tests="3" name="com.Neckermann.TestClass.Verify_searchwidget_Breadcrumb_moredestination_visibility_on_DestinationPage_For_7_To_9_Destinations" time="23.945" errors="0" timestamp="2023-07-11T16:20:31 IST" skipped="0">
  <testcase classname="com.Neckermann.TestClass.Verify_searchwidget_Breadcrumb_moredestination_visibility_on_DestinationPage_For_7_To_9_Destinations" name="Destination_searchwidget_Breadcrumb_moredestination_visibility" time="7.924"/>
  <system-out/>
  <testcase classname="com.Neckermann.TestClass.Verify_searchwidget_Breadcrumb_moredestination_visibility_on_DestinationPage_For_7_To_9_Destinations" name="Destination_searchwidget_Breadcrumb_moredestination_visibility" time="7.911"/>
  <system-out/>
  <testcase classname="com.Neckermann.TestClass.Verify_searchwidget_Breadcrumb_moredestination_visibility_on_DestinationPage_For_7_To_9_Destinations" name="Destination_searchwidget_Breadcrumb_moredestination_visibility" time="8.110"/>
  <system-out/>
</testsuite> <!-- com.Neckermann.TestClass.Verify_searchwidget_Breadcrumb_moredestination_visibility_on_DestinationPage_For_7_To_9_Destinations -->
