<?xml version="1.0" encoding="UTF-8"?>
<!-- Generated by org.testng.reporters.JUnitReportReporter -->
<testsuite hostname="WA000034" failures="0" tests="1" name="com.Neckermann.TestClass.bbb" time="8.713" errors="0" timestamp="2023-07-04T12:13:57 IST" skipped="0">
  <testcase classname="com.Neckermann.TestClass.bbb" name="Footer_logo_visiblityand_click_Functionality" time="8.713"/>
  <system-out/>
</testsuite> <!-- com.Neckermann.TestClass.bbb -->
