<?xml version="1.0" encoding="UTF-8"?>
<!-- Generated by org.testng.reporters.JUnitReportReporter -->
<testsuite hostname="WA000034" failures="0" tests="8" name="com.Neckermann.TestClass.Blog_Functionality" time="19.505" errors="0" timestamp="2023-07-21T12:02:11 IST" skipped="7">
  <testcase classname="com.Neckermann.TestClass.Blog_Functionality" name="Verify_whether_the_user_should_selectthe_forward_arrow_fromThe_pagination_on_the_AllBlogPage" time="19.505"/>
  <system-out/>
  <testcase classname="com.Neckermann.TestClass.Blog_Functionality" name="Verify_whether_the_user_should_selectthe_destinationsfrom_moreDestination_on_the_AllBlogPage">
    <skipped/>
  </testcase> <!-- Verify_whether_the_user_should_selectthe_destinationsfrom_moreDestination_on_the_AllBlogPage -->
  <system-out/>
  <testcase classname="com.Neckermann.TestClass.Blog_Functionality" name="Verify_whether_the_user_should_selectthe_individual_Blog_on_the_AllBlogPage">
    <skipped/>
  </testcase> <!-- Verify_whether_the_user_should_selectthe_individual_Blog_on_the_AllBlogPage -->
  <system-out/>
  <testcase classname="com.Neckermann.TestClass.Blog_Functionality" name="Verify_The_Breadcrumb_Functionality_on_AllBlogPage">
    <skipped/>
  </testcase> <!-- Verify_The_Breadcrumb_Functionality_on_AllBlogPage -->
  <system-out/>
  <testcase classname="com.Neckermann.TestClass.Blog_Functionality" name="Verify_the_Search_functionality_on_the_AllBlogPage">
    <skipped/>
  </testcase> <!-- Verify_the_Search_functionality_on_the_AllBlogPage -->
  <system-out/>
  <testcase classname="com.Neckermann.TestClass.Blog_Functionality" name="ClickOn_the_seeallblogs_fromthe_homepage">
    <skipped/>
  </testcase> <!-- ClickOn_the_seeallblogs_fromthe_homepage -->
  <system-out/>
  <testcase classname="com.Neckermann.TestClass.Blog_Functionality" name="Verify_the_Blog_filter_functionality_on_the_AllBlogPage">
    <skipped/>
  </testcase> <!-- Verify_the_Blog_filter_functionality_on_the_AllBlogPage -->
  <system-out/>
  <testcase classname="com.Neckermann.TestClass.Blog_Functionality" name="Verify_whether_the_user_should_selectthe_Back_arrow_fromThe_pagination_on_the_AllBlogPage">
    <skipped/>
  </testcase> <!-- Verify_whether_the_user_should_selectthe_Back_arrow_fromThe_pagination_on_the_AllBlogPage -->
  <system-out/>
</testsuite> <!-- com.Neckermann.TestClass.Blog_Functionality -->
