<?xml version="1.0" encoding="UTF-8"?>
<!-- Generated by org.testng.reporters.JUnitReportReporter -->
<testsuite hostname="WA000034" failures="0" tests="6" name="com.Neckermann.TestClass.Verify_Readmore_Readless_functionality_on_CollectionPage" time="70.245" errors="0" timestamp="2023-07-05T15:24:10 IST" skipped="0">
  <testcase classname="com.Neckermann.TestClass.Verify_Readmore_Readless_functionality_on_CollectionPage" name="Readmore_Readless_functionality" time="11.158"/>
  <system-out/>
  <testcase classname="com.Neckermann.TestClass.Verify_Readmore_Readless_functionality_on_CollectionPage" name="Readmore_Readless_functionality" time="11.341"/>
  <system-out/>
  <testcase classname="com.Neckermann.TestClass.Verify_Readmore_Readless_functionality_on_CollectionPage" name="Readmore_Readless_functionality" time="11.658"/>
  <system-out/>
  <testcase classname="com.Neckermann.TestClass.Verify_Readmore_Readless_functionality_on_CollectionPage" name="Readmore_Readless_functionality" time="13.786"/>
  <system-out/>
  <testcase classname="com.Neckermann.TestClass.Verify_Readmore_Readless_functionality_on_CollectionPage" name="Readmore_Readless_functionality" time="11.102"/>
  <system-out/>
  <testcase classname="com.Neckermann.TestClass.Verify_Readmore_Readless_functionality_on_CollectionPage" name="Readmore_Readless_functionality" time="11.200"/>
  <system-out/>
</testsuite> <!-- com.Neckermann.TestClass.Verify_Readmore_Readless_functionality_on_CollectionPage -->
