<?xml version="1.0" encoding="UTF-8"?>
<!-- Generated by org.testng.reporters.JUnitReportReporter -->
<testsuite hostname="WA000034" failures="0" tests="1" name="com.Neckermann.TestClass.Collection_Functionality" time="12.910" errors="0" timestamp="2023-06-27T11:25:54 IST" skipped="0">
  <testcase classname="com.Neckermann.TestClass.Collection_Functionality" name="Homepage_collection_visibilityofcomponents" time="12.910"/>
  <system-out/>
</testsuite> <!-- com.Neckermann.TestClass.Collection_Functionality -->
