<?xml version="1.0" encoding="UTF-8"?>
<!-- Generated by org.testng.reporters.JUnitReportReporter -->
<testsuite hostname="WA000034" failures="0" tests="6" name="com.Neckermann.TestClass.Verify_whether_Userclick_destination_frommoredestination_onDestinationPage_From_1_To_6_Destinations" time="57.819" errors="0" timestamp="2023-07-11T16:20:31 IST" skipped="0">
  <testcase classname="com.Neckermann.TestClass.Verify_whether_Userclick_destination_frommoredestination_onDestinationPage_From_1_To_6_Destinations" name="clickdestinationfrommoredestination" time="9.633"/>
  <system-out/>
  <testcase classname="com.Neckermann.TestClass.Verify_whether_Userclick_destination_frommoredestination_onDestinationPage_From_1_To_6_Destinations" name="clickdestinationfrommoredestination" time="9.479"/>
  <system-out/>
  <testcase classname="com.Neckermann.TestClass.Verify_whether_Userclick_destination_frommoredestination_onDestinationPage_From_1_To_6_Destinations" name="clickdestinationfrommoredestination" time="9.901"/>
  <system-out/>
  <testcase classname="com.Neckermann.TestClass.Verify_whether_Userclick_destination_frommoredestination_onDestinationPage_From_1_To_6_Destinations" name="clickdestinationfrommoredestination" time="9.479"/>
  <system-out/>
  <testcase classname="com.Neckermann.TestClass.Verify_whether_Userclick_destination_frommoredestination_onDestinationPage_From_1_To_6_Destinations" name="clickdestinationfrommoredestination" time="9.470"/>
  <system-out/>
  <testcase classname="com.Neckermann.TestClass.Verify_whether_Userclick_destination_frommoredestination_onDestinationPage_From_1_To_6_Destinations" name="clickdestinationfrommoredestination" time="9.857"/>
  <system-out/>
</testsuite> <!-- com.Neckermann.TestClass.Verify_whether_Userclick_destination_frommoredestination_onDestinationPage_From_1_To_6_Destinations -->
