<?xml version="1.0" encoding="UTF-8"?>
<!-- Generated by org.testng.reporters.JUnitReportReporter -->
<testsuite hostname="WA000034" failures="0" tests="6" name="com.Neckermann.TestClass.ATOLprotecetd_Functionality" time="55.470" errors="0" timestamp="2023-06-15T17:12:54 IST" skipped="0">
  <testcase classname="com.Neckermann.TestClass.ATOLprotecetd_Functionality" name="ATOLProtected_clickonATOL_Link_Functionality" time="7.419"/>
  <system-out/>
  <testcase classname="com.Neckermann.TestClass.ATOLprotecetd_Functionality" name="ATOLProtected_clickontrustpilotonfeelthelove_Link_Functionality1" time="8.571"/>
  <system-out/>
  <testcase classname="com.Neckermann.TestClass.ATOLprotecetd_Functionality" name="atolprotecetdfunctionality" time="24.770"/>
  <system-out/>
  <testcase classname="com.Neckermann.TestClass.ATOLprotecetd_Functionality" name="ATOLProtected_clickonunbeatableprice_Link_Functionality1" time="5.574"/>
  <system-out/>
  <testcase classname="com.Neckermann.TestClass.ATOLprotecetd_Functionality" name="Atolprotecetdfunctionality_visiblityofNewsletter_Footer" time="3.653"/>
  <system-out/>
  <testcase classname="com.Neckermann.TestClass.ATOLprotecetd_Functionality" name="ATOLProtected_clickonunbdeatableprice_Link_Functionality" time="5.483"/>
  <system-out/>
</testsuite> <!-- com.Neckermann.TestClass.ATOLprotecetd_Functionality -->
