<?xml version="1.0" encoding="UTF-8"?>
<!-- Generated by org.testng.reporters.JUnitReportReporter -->
<testsuite hostname="WA000034" failures="0" tests="1" name="com.Neckermann.TestClass.Aboutusfunctionality_visiblityofNewsletter_Footer" time="6.053" errors="0" timestamp="2023-06-13T15:30:55 IST" skipped="0">
  <testcase classname="com.Neckermann.TestClass.Aboutusfunctionality_visiblityofNewsletter_Footer" name="Aboutusfunctionality_visiblityofNewsletter1" time="6.053"/>
  <system-out/>
</testsuite> <!-- com.Neckermann.TestClass.Aboutusfunctionality_visiblityofNewsletter_Footer -->
