<?xml version="1.0" encoding="UTF-8"?>
<!-- Generated by org.testng.reporters.JUnitReportReporter -->
<testsuite hostname="WA000034" failures="0" tests="1" name="com.Neckermann.TestClass.Verify_thingstodo_PageOpen_On_DestinationPage" time="43.226" errors="0" timestamp="2023-07-04T17:07:10 IST" skipped="0">
  <testcase classname="com.Neckermann.TestClass.Verify_thingstodo_PageOpen_On_DestinationPage" name="clickonthingstodo" time="43.226"/>
  <system-out/>
</testsuite> <!-- com.Neckermann.TestClass.Verify_thingstodo_PageOpen_On_DestinationPage -->
