<?xml version="1.0" encoding="UTF-8"?>
<!-- Generated by org.testng.reporters.JUnitReportReporter -->
<testsuite hostname="WA000034" failures="0" tests="6" name="com.Neckermann.TestClass.Verify_view_button_Functionality_on_Destination_Page" time="66.578" errors="0" timestamp="2023-07-05T16:56:02 IST" skipped="0">
  <testcase classname="com.Neckermann.TestClass.Verify_view_button_Functionality_on_Destination_Page" name="view_button_Functionality" time="10.665"/>
  <system-out/>
  <testcase classname="com.Neckermann.TestClass.Verify_view_button_Functionality_on_Destination_Page" name="view_button_Functionality" time="10.738"/>
  <system-out/>
  <testcase classname="com.Neckermann.TestClass.Verify_view_button_Functionality_on_Destination_Page" name="view_button_Functionality" time="10.328"/>
  <system-out/>
  <testcase classname="com.Neckermann.TestClass.Verify_view_button_Functionality_on_Destination_Page" name="view_button_Functionality" time="10.711"/>
  <system-out/>
  <testcase classname="com.Neckermann.TestClass.Verify_view_button_Functionality_on_Destination_Page" name="view_button_Functionality" time="13.403"/>
  <system-out/>
  <testcase classname="com.Neckermann.TestClass.Verify_view_button_Functionality_on_Destination_Page" name="view_button_Functionality" time="10.733"/>
  <system-out/>
</testsuite> <!-- com.Neckermann.TestClass.Verify_view_button_Functionality_on_Destination_Page -->
