<?xml version="1.0" encoding="UTF-8"?>
<!-- Generated by org.testng.reporters.JUnitReportReporter -->
<testsuite hostname="WA000034" failures="0" tests="1" name="com.Neckermann.TestClass.VerifyWhether_User_clickon_indivisual_Blog_from_ThingsToDo_Page" time="18.984" errors="0" timestamp="2023-07-20T10:16:54 IST" skipped="0">
  <testcase classname="com.Neckermann.TestClass.VerifyWhether_User_clickon_indivisual_Blog_from_ThingsToDo_Page" name="clickonindivisualblog_functionality" time="18.984"/>
  <system-out/>
</testsuite> <!-- com.Neckermann.TestClass.VerifyWhether_User_clickon_indivisual_Blog_from_ThingsToDo_Page -->
