<?xml version="1.0" encoding="UTF-8"?>
<!-- Generated by org.testng.reporters.JUnitReportReporter -->
<testsuite hostname="WA000034" failures="0" tests="6" name="com.Neckermann.TestClass.Verify_whether_user_clickontheContent_from_ThingsToDo_Page_For_1_To_6_Destinations" time="136.699" errors="0" timestamp="2023-07-20T10:45:28 IST" skipped="0">
  <testcase classname="com.Neckermann.TestClass.Verify_whether_user_clickontheContent_from_ThingsToDo_Page_For_1_To_6_Destinations" name="clickontheContent" time="25.084"/>
  <system-out/>
  <testcase classname="com.Neckermann.TestClass.Verify_whether_user_clickontheContent_from_ThingsToDo_Page_For_1_To_6_Destinations" name="clickontheContent" time="19.526"/>
  <system-out/>
  <testcase classname="com.Neckermann.TestClass.Verify_whether_user_clickontheContent_from_ThingsToDo_Page_For_1_To_6_Destinations" name="clickontheContent" time="25.663"/>
  <system-out/>
  <testcase classname="com.Neckermann.TestClass.Verify_whether_user_clickontheContent_from_ThingsToDo_Page_For_1_To_6_Destinations" name="clickontheContent" time="28.248"/>
  <system-out/>
  <testcase classname="com.Neckermann.TestClass.Verify_whether_user_clickontheContent_from_ThingsToDo_Page_For_1_To_6_Destinations" name="clickontheContent" time="19.549"/>
  <system-out/>
  <testcase classname="com.Neckermann.TestClass.Verify_whether_user_clickontheContent_from_ThingsToDo_Page_For_1_To_6_Destinations" name="clickontheContent" time="18.629"/>
  <system-out/>
</testsuite> <!-- com.Neckermann.TestClass.Verify_whether_user_clickontheContent_from_ThingsToDo_Page_For_1_To_6_Destinations -->
