<?xml version="1.0" encoding="UTF-8"?>
<!-- Generated by org.testng.reporters.JUnitReportReporter -->
<testsuite hostname="WA000034" failures="0" tests="1" name="com.Neckermann.TestClass.VerifyWhether_user_select_contactus_from_hamburgermenu" time="13.824" errors="0" timestamp="2023-07-19T10:45:55 IST" skipped="0">
  <testcase classname="com.Neckermann.TestClass.VerifyWhether_user_select_contactus_from_hamburgermenu" name="contactusfromhamburgermenu" time="13.824"/>
  <system-out/>
</testsuite> <!-- com.Neckermann.TestClass.VerifyWhether_user_select_contactus_from_hamburgermenu -->
