<?xml version="1.0" encoding="UTF-8"?>
<!-- Generated by org.testng.reporters.JUnitReportReporter -->
<testsuite hostname="WA000034" failures="0" tests="3" name="com.Neckermann.TestClass.Verify_Whether_UserClickon_Destination_From_HomePage_From_7_to_9" time="15.941" errors="0" timestamp="2023-07-05T15:39:45 IST" skipped="0">
  <testcase classname="com.Neckermann.TestClass.Verify_Whether_UserClickon_Destination_From_HomePage_From_7_to_9" name="Destinations_HomePage_functioanlity" time="6.811"/>
  <system-out/>
  <testcase classname="com.Neckermann.TestClass.Verify_Whether_UserClickon_Destination_From_HomePage_From_7_to_9" name="Destinations_HomePage_functioanlity" time="4.514"/>
  <system-out/>
  <testcase classname="com.Neckermann.TestClass.Verify_Whether_UserClickon_Destination_From_HomePage_From_7_to_9" name="Destinations_HomePage_functioanlity" time="4.616"/>
  <system-out/>
</testsuite> <!-- com.Neckermann.TestClass.Verify_Whether_UserClickon_Destination_From_HomePage_From_7_to_9 -->
