<?xml version="1.0" encoding="UTF-8"?>
<!-- Generated by org.testng.reporters.JUnitReportReporter -->
<testsuite hostname="WA000034" failures="0" tests="1" name="com.Neckermann.TestClass.Verify_viewmore_button_On_Destination_Page" time="16.510" errors="0" timestamp="2023-07-04T17:40:21 IST" skipped="0">
  <testcase classname="com.Neckermann.TestClass.Verify_viewmore_button_On_Destination_Page" name="viewmorw_button_Functionality" time="16.510"/>
  <system-out/>
</testsuite> <!-- com.Neckermann.TestClass.Verify_viewmore_button_On_Destination_Page -->
