<?xml version="1.0" encoding="UTF-8"?>
<!-- Generated by org.testng.reporters.JUnitReportReporter -->
<testsuite hostname="WA000034" failures="0" tests="6" name="com.Neckermann.TestClass.Visibility_Of_difrentComponent_on_Collection_Page" time="82.129" errors="0" timestamp="2023-07-19T13:42:16 IST" skipped="0">
  <testcase classname="com.Neckermann.TestClass.Visibility_Of_difrentComponent_on_Collection_Page" name="Homepage_collection_visibilityofcomponents" time="16.592"/>
  <system-out/>
  <testcase classname="com.Neckermann.TestClass.Visibility_Of_difrentComponent_on_Collection_Page" name="Homepage_collection_visibilityofcomponents" time="11.356"/>
  <system-out/>
  <testcase classname="com.Neckermann.TestClass.Visibility_Of_difrentComponent_on_Collection_Page" name="Homepage_collection_visibilityofcomponents" time="14.185"/>
  <system-out/>
  <testcase classname="com.Neckermann.TestClass.Visibility_Of_difrentComponent_on_Collection_Page" name="Homepage_collection_visibilityofcomponents" time="16.399"/>
  <system-out/>
  <testcase classname="com.Neckermann.TestClass.Visibility_Of_difrentComponent_on_Collection_Page" name="Homepage_collection_visibilityofcomponents" time="13.844"/>
  <system-out/>
  <testcase classname="com.Neckermann.TestClass.Visibility_Of_difrentComponent_on_Collection_Page" name="Homepage_collection_visibilityofcomponents" time="9.753"/>
  <system-out/>
</testsuite> <!-- com.Neckermann.TestClass.Visibility_Of_difrentComponent_on_Collection_Page -->
