<?xml version="1.0" encoding="UTF-8"?>
<!-- Generated by org.testng.reporters.JUnitReportReporter -->
<testsuite hostname="WA000034" failures="0" tests="1" name="com.Neckermann.TestClass.Veify_The_logo_click_functionality_fromthe_Footer" time="14.854" errors="0" timestamp="2023-07-19T12:34:27 IST" skipped="0">
  <testcase classname="com.Neckermann.TestClass.Veify_The_logo_click_functionality_fromthe_Footer" name="Footer_logo_visiblityand_click_Functionality" time="14.854"/>
  <system-out/>
</testsuite> <!-- com.Neckermann.TestClass.Veify_The_logo_click_functionality_fromthe_Footer -->
