<?xml version="1.0" encoding="UTF-8"?>
<!-- Generated by org.testng.reporters.JUnitReportReporter -->
<testsuite hostname="WA000034" failures="0" tests="1" name="com.Neckermann.TestClass.Verify_Breadcrumb_functionality_on_DestinationPage" time="20.937" errors="0" timestamp="2023-07-19T15:03:17 IST" skipped="0">
  <testcase classname="com.Neckermann.TestClass.Verify_Breadcrumb_functionality_on_DestinationPage" name="breadcrumb_clicking_functionality" time="20.937"/>
  <system-out/>
</testsuite> <!-- com.Neckermann.TestClass.Verify_Breadcrumb_functionality_on_DestinationPage -->
