<?xml version="1.0" encoding="UTF-8"?>
<!-- Generated by org.testng.reporters.JUnitReportReporter -->
<testsuite hostname="WA000034" failures="0" tests="6" name="com.Neckermann.TestClass.Verify_whether_User_clickon_SeeAll_button_from_ThingsToDo_Page" time="78.478" errors="0" timestamp="2023-07-07T10:25:46 IST" skipped="0">
  <testcase classname="com.Neckermann.TestClass.Verify_whether_User_clickon_SeeAll_button_from_ThingsToDo_Page" name="clickonseeallbutton_functionality" time="9.477"/>
  <system-out/>
  <testcase classname="com.Neckermann.TestClass.Verify_whether_User_clickon_SeeAll_button_from_ThingsToDo_Page" name="clickonseeallbutton_functionality" time="14.320"/>
  <system-out/>
  <testcase classname="com.Neckermann.TestClass.Verify_whether_User_clickon_SeeAll_button_from_ThingsToDo_Page" name="clickonseeallbutton_functionality" time="12.254"/>
  <system-out/>
  <testcase classname="com.Neckermann.TestClass.Verify_whether_User_clickon_SeeAll_button_from_ThingsToDo_Page" name="clickonseeallbutton_functionality" time="15.633"/>
  <system-out/>
  <testcase classname="com.Neckermann.TestClass.Verify_whether_User_clickon_SeeAll_button_from_ThingsToDo_Page" name="clickonseeallbutton_functionality" time="11.346"/>
  <system-out/>
  <testcase classname="com.Neckermann.TestClass.Verify_whether_User_clickon_SeeAll_button_from_ThingsToDo_Page" name="clickonseeallbutton_functionality" time="15.448"/>
  <system-out/>
</testsuite> <!-- com.Neckermann.TestClass.Verify_whether_User_clickon_SeeAll_button_from_ThingsToDo_Page -->
