<?xml version="1.0" encoding="UTF-8"?>
<!-- Generated by org.testng.reporters.JUnitReportReporter -->
<testsuite hostname="WA000034" failures="0" tests="3" name="com.Neckermann.TestClass.Verify_whether_User_click_on_Travel_advicelink_For_7_To_9_Destinations" time="34.158" errors="0" timestamp="2023-07-11T16:20:31 IST" skipped="0">
  <testcase classname="com.Neckermann.TestClass.Verify_whether_User_click_on_Travel_advicelink_For_7_To_9_Destinations" name="visa_healthlink_Functionality" time="11.612"/>
  <system-out/>
  <testcase classname="com.Neckermann.TestClass.Verify_whether_User_click_on_Travel_advicelink_For_7_To_9_Destinations" name="visa_healthlink_Functionality" time="11.553"/>
  <system-out/>
  <testcase classname="com.Neckermann.TestClass.Verify_whether_User_click_on_Travel_advicelink_For_7_To_9_Destinations" name="visa_healthlink_Functionality" time="10.993"/>
  <system-out/>
</testsuite> <!-- com.Neckermann.TestClass.Verify_whether_User_click_on_Travel_advicelink_For_7_To_9_Destinations -->
