<?xml version="1.0" encoding="UTF-8"?>
<!-- Generated by org.testng.reporters.JUnitReportReporter -->
<testsuite hostname="WA000034" failures="0" tests="1" name="com.Neckermann.TestClass.Newsletter_Homepage_Negativetestcase3_Functionality" time="27.241" errors="0" timestamp="2023-06-15T15:02:46 IST" skipped="0">
  <testcase classname="com.Neckermann.TestClass.Newsletter_Homepage_Negativetestcase3_Functionality" name="Newsletter_Homepage_Negativetestcase3_Functionality1" time="27.241"/>
  <system-out/>
</testsuite> <!-- com.Neckermann.TestClass.Newsletter_Homepage_Negativetestcase3_Functionality -->
