<?xml version="1.0" encoding="UTF-8"?>
<!-- Generated by org.testng.reporters.JUnitReportReporter -->
<testsuite hostname="WA000034" failures="0" tests="6" name="com.Neckermann.TestClass.VerifyWhether_User_clickon_HomeTab_from_braedcrumb_on_CollectionPage" time="80.716" errors="0" timestamp="2023-07-19T14:37:19 IST" skipped="0">
  <testcase classname="com.Neckermann.TestClass.VerifyWhether_User_clickon_HomeTab_from_braedcrumb_on_CollectionPage" name="clickon_Home_Tab_from_hamburger" time="11.214"/>
  <system-out/>
  <testcase classname="com.Neckermann.TestClass.VerifyWhether_User_clickon_HomeTab_from_braedcrumb_on_CollectionPage" name="clickon_Home_Tab_from_hamburger" time="15.522"/>
  <system-out/>
  <testcase classname="com.Neckermann.TestClass.VerifyWhether_User_clickon_HomeTab_from_braedcrumb_on_CollectionPage" name="clickon_Home_Tab_from_hamburger" time="12.188"/>
  <system-out/>
  <testcase classname="com.Neckermann.TestClass.VerifyWhether_User_clickon_HomeTab_from_braedcrumb_on_CollectionPage" name="clickon_Home_Tab_from_hamburger" time="14.134"/>
  <system-out/>
  <testcase classname="com.Neckermann.TestClass.VerifyWhether_User_clickon_HomeTab_from_braedcrumb_on_CollectionPage" name="clickon_Home_Tab_from_hamburger" time="13.118"/>
  <system-out/>
  <testcase classname="com.Neckermann.TestClass.VerifyWhether_User_clickon_HomeTab_from_braedcrumb_on_CollectionPage" name="clickon_Home_Tab_from_hamburger" time="14.540"/>
  <system-out/>
</testsuite> <!-- com.Neckermann.TestClass.VerifyWhether_User_clickon_HomeTab_from_braedcrumb_on_CollectionPage -->
