<?xml version="1.0" encoding="UTF-8"?>
<!-- Generated by org.testng.reporters.JUnitReportReporter -->
<testsuite hostname="WA000034" failures="0" tests="1" name="com.Neckermann.TestClass.AboutuspageElement_Trustpilot_Functionality" time="14.709" errors="0" timestamp="2023-06-13T14:41:48 IST" skipped="0">
  <testcase classname="com.Neckermann.TestClass.AboutuspageElement_Trustpilot_Functionality" name="AboutuspageElement_Trustpilot_Functionality1" time="14.709"/>
  <system-out/>
</testsuite> <!-- com.Neckermann.TestClass.AboutuspageElement_Trustpilot_Functionality -->
