<?xml version="1.0" encoding="UTF-8"?>
<!-- Generated by org.testng.reporters.JUnitReportReporter -->
<testsuite hostname="WA000034" failures="0" tests="1" name="com.Neckermann.TestClass.Verify_searchwidget_Breadcrumb_moredestination_visibility_on_DestinationPage" time="9.309" errors="0" timestamp="2023-07-04T16:56:28 IST" skipped="0">
  <testcase classname="com.Neckermann.TestClass.Verify_searchwidget_Breadcrumb_moredestination_visibility_on_DestinationPage" name="Destination_searchwidget_Breadcrumb_moredestination_visibility" time="9.309"/>
  <system-out/>
</testsuite> <!-- com.Neckermann.TestClass.Verify_searchwidget_Breadcrumb_moredestination_visibility_on_DestinationPage -->
