<?xml version="1.0" encoding="UTF-8"?>
<!-- Generated by org.testng.reporters.JUnitReportReporter -->
<testsuite hostname="WA000034" failures="0" tests="6" name="com.Neckermann.TestClass.Verify_searchwidget_Breadcrumb_moredestination_visibility_on_DestinationPage_For_1_To_6_Destinations" time="43.648" errors="0" timestamp="2023-07-12T10:48:37 IST" skipped="0">
  <testcase classname="com.Neckermann.TestClass.Verify_searchwidget_Breadcrumb_moredestination_visibility_on_DestinationPage_For_1_To_6_Destinations" name="Destination_searchwidget_Breadcrumb_moredestination_visibility" time="7.095"/>
  <system-out/>
  <testcase classname="com.Neckermann.TestClass.Verify_searchwidget_Breadcrumb_moredestination_visibility_on_DestinationPage_For_1_To_6_Destinations" name="Destination_searchwidget_Breadcrumb_moredestination_visibility" time="7.097"/>
  <system-out/>
  <testcase classname="com.Neckermann.TestClass.Verify_searchwidget_Breadcrumb_moredestination_visibility_on_DestinationPage_For_1_To_6_Destinations" name="Destination_searchwidget_Breadcrumb_moredestination_visibility" time="7.036"/>
  <system-out/>
  <testcase classname="com.Neckermann.TestClass.Verify_searchwidget_Breadcrumb_moredestination_visibility_on_DestinationPage_For_1_To_6_Destinations" name="Destination_searchwidget_Breadcrumb_moredestination_visibility" time="8.117"/>
  <system-out/>
  <testcase classname="com.Neckermann.TestClass.Verify_searchwidget_Breadcrumb_moredestination_visibility_on_DestinationPage_For_1_To_6_Destinations" name="Destination_searchwidget_Breadcrumb_moredestination_visibility" time="7.416"/>
  <system-out/>
  <testcase classname="com.Neckermann.TestClass.Verify_searchwidget_Breadcrumb_moredestination_visibility_on_DestinationPage_For_1_To_6_Destinations" name="Destination_searchwidget_Breadcrumb_moredestination_visibility" time="6.887"/>
  <system-out/>
</testsuite> <!-- com.Neckermann.TestClass.Verify_searchwidget_Breadcrumb_moredestination_visibility_on_DestinationPage_For_1_To_6_Destinations -->
