<?xml version="1.0" encoding="UTF-8"?>
<!-- Generated by org.testng.reporters.JUnitReportReporter -->
<testsuite hostname="WA000034" failures="0" tests="1" name="com.Neckermann.TestClass.Open_Aboutus_from_theFooter" time="16.431" errors="0" timestamp="2023-07-03T14:46:56 IST" skipped="0">
  <testcase classname="com.Neckermann.TestClass.Open_Aboutus_from_theFooter" name="AboutUSFunctionality_HomePage_Footer" time="16.431"/>
  <system-out/>
</testsuite> <!-- com.Neckermann.TestClass.Open_Aboutus_from_theFooter -->
