<?xml version="1.0" encoding="UTF-8"?>
<!-- Generated by org.testng.reporters.JUnitReportReporter -->
<testsuite hostname="WA000034" failures="0" tests="1" name="com.Neckermann.TestClass.Verifythe_CompanyMenu_ContactUs_From_HamburgerMenu" time="8.670" errors="0" timestamp="2023-07-19T10:45:55 IST" skipped="0">
  <testcase classname="com.Neckermann.TestClass.Verifythe_CompanyMenu_ContactUs_From_HamburgerMenu" name="HamburgerMenu_Company_Functionality" time="8.670"/>
  <system-out/>
</testsuite> <!-- com.Neckermann.TestClass.Verifythe_CompanyMenu_ContactUs_From_HamburgerMenu -->
