<?xml version="1.0" encoding="UTF-8"?>
<!-- Generated by org.testng.reporters.JUnitReportReporter -->
<testsuite hostname="WA000034" failures="0" tests="1" name="com.Neckermann.TestClass.VerifyWhether_Useropen_termsandconditionlink_fromunbeatableprice_onATOLPage" time="5.081" errors="0" timestamp="2023-07-04T11:36:31 IST" skipped="0">
  <testcase classname="com.Neckermann.TestClass.VerifyWhether_Useropen_termsandconditionlink_fromunbeatableprice_onATOLPage" name="ATOLProtected_clickonunbeatableprice_Link_Functionality1" time="5.081"/>
  <system-out/>
</testsuite> <!-- com.Neckermann.TestClass.VerifyWhether_Useropen_termsandconditionlink_fromunbeatableprice_onATOLPage -->
