<?xml version="1.0" encoding="UTF-8"?>
<!-- Generated by org.testng.reporters.JUnitReportReporter -->
<testsuite hostname="WA000034" failures="0" tests="1" name="com.Neckermann.TestClass.AboutUSFunctionality_HomePage_Footer" time="4.957" errors="0" timestamp="2023-06-13T13:03:15 IST" skipped="0">
  <testcase classname="com.Neckermann.TestClass.AboutUSFunctionality_HomePage_Footer" name="AboutUSFunctionality_HomePage_Footer1" time="4.957"/>
  <system-out/>
</testsuite> <!-- com.Neckermann.TestClass.AboutUSFunctionality_HomePage_Footer -->
