<?xml version="1.0" encoding="UTF-8"?>
<!-- Generated by org.testng.reporters.JUnitReportReporter -->
<testsuite hostname="WA000034" failures="0" tests="1" name="com.Neckermann.TestClass.VerifyWhetherthe_userclickon_ATOLProtectedmore_Link_fromthe_AtolPage" time="9.545" errors="0" timestamp="2023-07-04T11:36:31 IST" skipped="0">
  <testcase classname="com.Neckermann.TestClass.VerifyWhetherthe_userclickon_ATOLProtectedmore_Link_fromthe_AtolPage" name="ATOLProtected_clickonATOL_Link_Functionality" time="9.545"/>
  <system-out/>
</testsuite> <!-- com.Neckermann.TestClass.VerifyWhetherthe_userclickon_ATOLProtectedmore_Link_fromthe_AtolPage -->
