<?xml version="1.0" encoding="UTF-8"?>
<!-- Generated by org.testng.reporters.JUnitReportReporter -->
<testsuite hostname="WA000034" failures="0" tests="1" name="com.Neckermann.TestClass.Footer__Functionality" time="22.549" errors="0" timestamp="2023-07-04T13:39:00 IST" skipped="0">
  <testcase classname="com.Neckermann.TestClass.Footer__Functionality" name="Footer_footerCivilaviationLink_Functionality" time="22.549"/>
  <system-out/>
</testsuite> <!-- com.Neckermann.TestClass.Footer__Functionality -->
