<?xml version="1.0" encoding="UTF-8"?>
<!-- Generated by org.testng.reporters.JUnitReportReporter -->
<testsuite hostname="WA000034" failures="0" tests="1" name="com.Neckermann.TestClass.Newsletter_Homepage_Negativetestcase2_Functionality" time="8.382" errors="0" timestamp="2023-06-15T14:53:59 IST" skipped="0">
  <testcase classname="com.Neckermann.TestClass.Newsletter_Homepage_Negativetestcase2_Functionality" name="Newsletter_Homepage_Negativetestcase_Functionality1" time="8.382"/>
  <system-out/>
</testsuite> <!-- com.Neckermann.TestClass.Newsletter_Homepage_Negativetestcase2_Functionality -->
