<?xml version="1.0" encoding="UTF-8"?>
<!-- Generated by org.testng.reporters.JUnitReportReporter -->
<testsuite hostname="WA000034" failures="0" tests="3" name="com.Neckermann.TestClass.HamburgerMenu_Functionality" time="15.709" errors="0" timestamp="2023-06-19T16:54:26 IST" skipped="0">
  <testcase classname="com.Neckermann.TestClass.HamburgerMenu_Functionality" name="HamburgerMenu_Holidays_Functionality" time="6.597"/>
  <system-out/>
  <testcase classname="com.Neckermann.TestClass.HamburgerMenu_Functionality" name="HamburgerMenu_Legal_Functionality1" time="4.310"/>
  <system-out/>
  <testcase classname="com.Neckermann.TestClass.HamburgerMenu_Functionality" name="HamburgerMenu_Company_Functionality" time="4.802"/>
  <system-out/>
</testsuite> <!-- com.Neckermann.TestClass.HamburgerMenu_Functionality -->
