<?xml version="1.0" encoding="UTF-8"?>
<!-- Generated by org.testng.reporters.JUnitReportReporter -->
<testsuite hostname="WA000034" failures="0" tests="1" name="com.Neckermann.TestClass.cccccccccc" time="9.206" errors="0" timestamp="2023-07-03T17:34:45 IST" skipped="0">
  <testcase classname="com.Neckermann.TestClass.cccccccccc" name="Newsletter_Homepage_Negativetestcase2_Functionality" time="9.206"/>
  <system-out/>
</testsuite> <!-- com.Neckermann.TestClass.cccccccccc -->
