<?xml version="1.0" encoding="UTF-8"?>
<!-- Generated by org.testng.reporters.JUnitReportReporter -->
<testsuite hostname="WA000034" failures="0" tests="6" name="com.Neckermann.TestClass.Verifywhether_user_should_clickon_yourguide_on_travelGuidePage_For_1_To_6_Destinations" time="58.648" errors="0" timestamp="2023-07-12T10:48:37 IST" skipped="0">
  <testcase classname="com.Neckermann.TestClass.Verifywhether_user_should_clickon_yourguide_on_travelGuidePage_For_1_To_6_Destinations" name="Travel_guide_anotherbuttonclick_click" time="9.030"/>
  <system-out/>
  <testcase classname="com.Neckermann.TestClass.Verifywhether_user_should_clickon_yourguide_on_travelGuidePage_For_1_To_6_Destinations" name="Travel_guide_anotherbuttonclick_click" time="9.538"/>
  <system-out/>
  <testcase classname="com.Neckermann.TestClass.Verifywhether_user_should_clickon_yourguide_on_travelGuidePage_For_1_To_6_Destinations" name="Travel_guide_anotherbuttonclick_click" time="9.051"/>
  <system-out/>
  <testcase classname="com.Neckermann.TestClass.Verifywhether_user_should_clickon_yourguide_on_travelGuidePage_For_1_To_6_Destinations" name="Travel_guide_anotherbuttonclick_click" time="9.433"/>
  <system-out/>
  <testcase classname="com.Neckermann.TestClass.Verifywhether_user_should_clickon_yourguide_on_travelGuidePage_For_1_To_6_Destinations" name="Travel_guide_anotherbuttonclick_click" time="9.887"/>
  <system-out/>
  <testcase classname="com.Neckermann.TestClass.Verifywhether_user_should_clickon_yourguide_on_travelGuidePage_For_1_To_6_Destinations" name="Travel_guide_anotherbuttonclick_click" time="11.709"/>
  <system-out/>
</testsuite> <!-- com.Neckermann.TestClass.Verifywhether_user_should_clickon_yourguide_on_travelGuidePage_For_1_To_6_Destinations -->
