<?xml version="1.0" encoding="UTF-8"?>
<!-- Generated by org.testng.reporters.JUnitReportReporter -->
<testsuite hostname="WA000034" failures="0" tests="1" name="com.Neckermann.TestClass.Verify_The_Submenus_FromThe_Company_Menu_From_TheFooter" time="18.328" errors="0" timestamp="2023-07-19T12:34:27 IST" skipped="0">
  <testcase classname="com.Neckermann.TestClass.Verify_The_Submenus_FromThe_Company_Menu_From_TheFooter" name="Footer_company_Functionality" time="18.328"/>
  <system-out/>
</testsuite> <!-- com.Neckermann.TestClass.Verify_The_Submenus_FromThe_Company_Menu_From_TheFooter -->
