<?xml version="1.0" encoding="UTF-8"?>
<!-- Generated by org.testng.reporters.JUnitReportReporter -->
<testsuite hostname="WA000034" failures="0" tests="6" name="com.Neckermann.TestClass.VerifyWhether_User_clickon_HomeTab_from_braedcrumb_on_CollectionPage" time="54.462" errors="0" timestamp="2023-07-05T16:31:43 IST" skipped="0">
  <testcase classname="com.Neckermann.TestClass.VerifyWhether_User_clickon_HomeTab_from_braedcrumb_on_CollectionPage" name="clickon_Home_Tab_from_hamburger" time="8.470"/>
  <system-out/>
  <testcase classname="com.Neckermann.TestClass.VerifyWhether_User_clickon_HomeTab_from_braedcrumb_on_CollectionPage" name="clickon_Home_Tab_from_hamburger" time="10.684"/>
  <system-out/>
  <testcase classname="com.Neckermann.TestClass.VerifyWhether_User_clickon_HomeTab_from_braedcrumb_on_CollectionPage" name="clickon_Home_Tab_from_hamburger" time="8.517"/>
  <system-out/>
  <testcase classname="com.Neckermann.TestClass.VerifyWhether_User_clickon_HomeTab_from_braedcrumb_on_CollectionPage" name="clickon_Home_Tab_from_hamburger" time="8.672"/>
  <system-out/>
  <testcase classname="com.Neckermann.TestClass.VerifyWhether_User_clickon_HomeTab_from_braedcrumb_on_CollectionPage" name="clickon_Home_Tab_from_hamburger" time="9.153"/>
  <system-out/>
  <testcase classname="com.Neckermann.TestClass.VerifyWhether_User_clickon_HomeTab_from_braedcrumb_on_CollectionPage" name="clickon_Home_Tab_from_hamburger" time="8.966"/>
  <system-out/>
</testsuite> <!-- com.Neckermann.TestClass.VerifyWhether_User_clickon_HomeTab_from_braedcrumb_on_CollectionPage -->
