<?xml version="1.0" encoding="UTF-8"?>
<!-- Generated by org.testng.reporters.JUnitReportReporter -->
<testsuite hostname="WA000034" failures="0" tests="6" name="com.Neckermann.TestClass.Verify_searchwidget_Breadcrumb_moredestination_visibility_on_DestinationPage_For_1_To_6_Destinations" time="59.897" errors="0" timestamp="2023-07-11T16:20:31 IST" skipped="0">
  <testcase classname="com.Neckermann.TestClass.Verify_searchwidget_Breadcrumb_moredestination_visibility_on_DestinationPage_For_1_To_6_Destinations" name="Destination_searchwidget_Breadcrumb_moredestination_visibility" time="7.311"/>
  <system-out/>
  <testcase classname="com.Neckermann.TestClass.Verify_searchwidget_Breadcrumb_moredestination_visibility_on_DestinationPage_For_1_To_6_Destinations" name="Destination_searchwidget_Breadcrumb_moredestination_visibility" time="7.672"/>
  <system-out/>
  <testcase classname="com.Neckermann.TestClass.Verify_searchwidget_Breadcrumb_moredestination_visibility_on_DestinationPage_For_1_To_6_Destinations" name="Destination_searchwidget_Breadcrumb_moredestination_visibility" time="22.108"/>
  <system-out/>
  <testcase classname="com.Neckermann.TestClass.Verify_searchwidget_Breadcrumb_moredestination_visibility_on_DestinationPage_For_1_To_6_Destinations" name="Destination_searchwidget_Breadcrumb_moredestination_visibility" time="7.602"/>
  <system-out/>
  <testcase classname="com.Neckermann.TestClass.Verify_searchwidget_Breadcrumb_moredestination_visibility_on_DestinationPage_For_1_To_6_Destinations" name="Destination_searchwidget_Breadcrumb_moredestination_visibility" time="7.537"/>
  <system-out/>
  <testcase classname="com.Neckermann.TestClass.Verify_searchwidget_Breadcrumb_moredestination_visibility_on_DestinationPage_For_1_To_6_Destinations" name="Destination_searchwidget_Breadcrumb_moredestination_visibility" time="7.667"/>
  <system-out/>
</testsuite> <!-- com.Neckermann.TestClass.Verify_searchwidget_Breadcrumb_moredestination_visibility_on_DestinationPage_For_1_To_6_Destinations -->
