<?xml version="1.0" encoding="UTF-8"?>
<!-- Generated by org.testng.reporters.JUnitReportReporter -->
<testsuite hostname="WA000034" failures="0" tests="1" name="com.Neckermann.TestClass.Verify_The_Footer_address" time="12.343" errors="0" timestamp="2023-07-19T12:57:04 IST" skipped="0">
  <testcase classname="com.Neckermann.TestClass.Verify_The_Footer_address" name="Footer_address_Functionality" time="12.343"/>
  <system-out/>
</testsuite> <!-- com.Neckermann.TestClass.Verify_The_Footer_address -->
