<?xml version="1.0" encoding="UTF-8"?>
<!-- Generated by org.testng.reporters.JUnitReportReporter -->
<testsuite hostname="WA000034" failures="0" tests="1" name="com.Neckermann.TestClass.AboutUSFunctionality_HomePage_Header" time="11.596" errors="0" timestamp="2023-06-13T14:41:48 IST" skipped="0">
  <testcase classname="com.Neckermann.TestClass.AboutUSFunctionality_HomePage_Header" name="aboutusfunctionality" time="11.596"/>
  <system-out/>
</testsuite> <!-- com.Neckermann.TestClass.AboutUSFunctionality_HomePage_Header -->
