<?xml version="1.0" encoding="UTF-8"?>
<!-- Generated by org.testng.reporters.JUnitReportReporter -->
<testsuite hostname="WA000034" failures="0" tests="1" name="com.Neckermann.TestClass.ATOLprotecetd_Functionality" time="25.034" errors="0" timestamp="2023-07-03T16:20:51 IST" skipped="0">
  <testcase classname="com.Neckermann.TestClass.ATOLprotecetd_Functionality" name="atolprotecetdfunctionality" time="25.034"/>
  <system-out/>
</testsuite> <!-- com.Neckermann.TestClass.ATOLprotecetd_Functionality -->
