<?xml version="1.0" encoding="UTF-8"?>
<!-- Generated by org.testng.reporters.JUnitReportReporter -->
<testsuite hostname="WA000034" failures="0" tests="1" name="com.Neckermann.TestClass.dd" time="10.799" errors="0" timestamp="2023-07-04T16:06:01 IST" skipped="0">
  <testcase classname="com.Neckermann.TestClass.dd" name="check_title_ofcollection" time="10.799"/>
  <system-out/>
</testsuite> <!-- com.Neckermann.TestClass.dd -->
