<?xml version="1.0" encoding="UTF-8"?>
<!-- Generated by org.testng.reporters.JUnitReportReporter -->
<testsuite hostname="WA000034" failures="0" tests="1" name="com.Neckermann.TestClass.VisibilityofNewsletter_and_Footer_On_Aboutus_Page" time="5.719" errors="0" timestamp="2023-07-03T14:35:18 IST" skipped="0">
  <testcase classname="com.Neckermann.TestClass.VisibilityofNewsletter_and_Footer_On_Aboutus_Page" name="visiblityofNewsletter_on_Aboutus" time="5.719"/>
  <system-out/>
</testsuite> <!-- com.Neckermann.TestClass.VisibilityofNewsletter_and_Footer_On_Aboutus_Page -->
