<?xml version="1.0" encoding="UTF-8"?>
<!-- Generated by org.testng.reporters.JUnitReportReporter -->
<testsuite hostname="WA000034" failures="0" tests="6" name="com.Neckermann.TestClass.VerifyWhether_User_clickon_collectionTab_from_braedcrumb_on_CollectionPage" time="55.316" errors="0" timestamp="2023-07-05T16:33:53 IST" skipped="0">
  <testcase classname="com.Neckermann.TestClass.VerifyWhether_User_clickon_collectionTab_from_braedcrumb_on_CollectionPage" name="clickon_collections_from_braedcrumb" time="9.223"/>
  <system-out/>
  <testcase classname="com.Neckermann.TestClass.VerifyWhether_User_clickon_collectionTab_from_braedcrumb_on_CollectionPage" name="clickon_collections_from_braedcrumb" time="8.461"/>
  <system-out/>
  <testcase classname="com.Neckermann.TestClass.VerifyWhether_User_clickon_collectionTab_from_braedcrumb_on_CollectionPage" name="clickon_collections_from_braedcrumb" time="11.813"/>
  <system-out/>
  <testcase classname="com.Neckermann.TestClass.VerifyWhether_User_clickon_collectionTab_from_braedcrumb_on_CollectionPage" name="clickon_collections_from_braedcrumb" time="8.547"/>
  <system-out/>
  <testcase classname="com.Neckermann.TestClass.VerifyWhether_User_clickon_collectionTab_from_braedcrumb_on_CollectionPage" name="clickon_collections_from_braedcrumb" time="8.666"/>
  <system-out/>
  <testcase classname="com.Neckermann.TestClass.VerifyWhether_User_clickon_collectionTab_from_braedcrumb_on_CollectionPage" name="clickon_collections_from_braedcrumb" time="8.606"/>
  <system-out/>
</testsuite> <!-- com.Neckermann.TestClass.VerifyWhether_User_clickon_collectionTab_from_braedcrumb_on_CollectionPage -->
