<?xml version="1.0" encoding="UTF-8"?>
<!-- Generated by org.testng.reporters.JUnitReportReporter -->
<testsuite hostname="WA000034" failures="0" tests="3" name="com.Neckermann.TestClass.Verify_view_button_Functionality_on_Destination_Page_For_7_To_9_Destinations" time="29.117" errors="0" timestamp="2023-07-11T16:20:31 IST" skipped="0">
  <testcase classname="com.Neckermann.TestClass.Verify_view_button_Functionality_on_Destination_Page_For_7_To_9_Destinations" name="clickontravelguide" time="9.853"/>
  <system-out/>
  <testcase classname="com.Neckermann.TestClass.Verify_view_button_Functionality_on_Destination_Page_For_7_To_9_Destinations" name="clickontravelguide" time="9.815"/>
  <system-out/>
  <testcase classname="com.Neckermann.TestClass.Verify_view_button_Functionality_on_Destination_Page_For_7_To_9_Destinations" name="clickontravelguide" time="9.449"/>
  <system-out/>
</testsuite> <!-- com.Neckermann.TestClass.Verify_view_button_Functionality_on_Destination_Page_For_7_To_9_Destinations -->
