<?xml version="1.0" encoding="UTF-8"?>
<!-- Generated by org.testng.reporters.JUnitReportReporter -->
<testsuite hostname="WA000034" failures="0" tests="6" name="com.Neckermann.TestClass.Verify_whether_User_clickon_ViewMore_button_on_Collection" time="84.074" errors="0" timestamp="2023-07-19T14:39:48 IST" skipped="0">
  <testcase classname="com.Neckermann.TestClass.Verify_whether_User_clickon_ViewMore_button_on_Collection" name="clickon_ViewMore_button" time="11.245"/>
  <system-out/>
  <testcase classname="com.Neckermann.TestClass.Verify_whether_User_clickon_ViewMore_button_on_Collection" name="clickon_ViewMore_button" time="11.819"/>
  <system-out/>
  <testcase classname="com.Neckermann.TestClass.Verify_whether_User_clickon_ViewMore_button_on_Collection" name="clickon_ViewMore_button" time="11.282"/>
  <system-out/>
  <testcase classname="com.Neckermann.TestClass.Verify_whether_User_clickon_ViewMore_button_on_Collection" name="clickon_ViewMore_button" time="18.368"/>
  <system-out/>
  <testcase classname="com.Neckermann.TestClass.Verify_whether_User_clickon_ViewMore_button_on_Collection" name="clickon_ViewMore_button" time="17.215"/>
  <system-out/>
  <testcase classname="com.Neckermann.TestClass.Verify_whether_User_clickon_ViewMore_button_on_Collection" name="clickon_ViewMore_button" time="14.145"/>
  <system-out/>
</testsuite> <!-- com.Neckermann.TestClass.Verify_whether_User_clickon_ViewMore_button_on_Collection -->
