<?xml version="1.0" encoding="UTF-8"?>
<!-- Generated by org.testng.reporters.JUnitReportReporter -->
<testsuite hostname="WA000034" failures="0" tests="1" name="com.Neckermann.TestClass.Verifywhether_user_clickAllthe_Popup_on_ATOLprotecetd" time="21.099" errors="0" timestamp="2023-07-11T15:51:37 IST" skipped="0">
  <testcase classname="com.Neckermann.TestClass.Verifywhether_user_clickAllthe_Popup_on_ATOLprotecetd" name="atolprotecetdfunctionality" time="21.099"/>
  <system-out/>
</testsuite> <!-- com.Neckermann.TestClass.Verifywhether_user_clickAllthe_Popup_on_ATOLprotecetd -->
