<?xml version="1.0" encoding="UTF-8"?>
<!-- Generated by org.testng.reporters.JUnitReportReporter -->
<testsuite hostname="WA000034" failures="0" tests="1" name="com.Neckermann.TestClass.dc" time="7.296" errors="0" timestamp="2023-07-04T13:30:44 IST" skipped="0">
  <testcase classname="com.Neckermann.TestClass.dc" name="Footer_footercontent_Functionality" time="7.296"/>
  <system-out/>
</testsuite> <!-- com.Neckermann.TestClass.dc -->
