<?xml version="1.0" encoding="UTF-8"?>
<!-- Generated by org.testng.reporters.JUnitReportReporter -->
<testsuite hostname="WA000034" failures="0" tests="6" name="com.Neckermann.TestClass.VerifyWhether_User_clickon_collectionTab_from_braedcrumb_on_CollectionPage" time="84.187" errors="0" timestamp="2023-07-19T13:59:54 IST" skipped="0">
  <testcase classname="com.Neckermann.TestClass.VerifyWhether_User_clickon_collectionTab_from_braedcrumb_on_CollectionPage" name="clickon_collections_from_braedcrumb" time="8.191"/>
  <system-out/>
  <testcase classname="com.Neckermann.TestClass.VerifyWhether_User_clickon_collectionTab_from_braedcrumb_on_CollectionPage" name="clickon_collections_from_braedcrumb" time="19.453"/>
  <system-out/>
  <testcase classname="com.Neckermann.TestClass.VerifyWhether_User_clickon_collectionTab_from_braedcrumb_on_CollectionPage" name="clickon_collections_from_braedcrumb" time="18.369"/>
  <system-out/>
  <testcase classname="com.Neckermann.TestClass.VerifyWhether_User_clickon_collectionTab_from_braedcrumb_on_CollectionPage" name="clickon_collections_from_braedcrumb" time="14.692"/>
  <system-out/>
  <testcase classname="com.Neckermann.TestClass.VerifyWhether_User_clickon_collectionTab_from_braedcrumb_on_CollectionPage" name="clickon_collections_from_braedcrumb" time="10.937"/>
  <system-out/>
  <testcase classname="com.Neckermann.TestClass.VerifyWhether_User_clickon_collectionTab_from_braedcrumb_on_CollectionPage" name="clickon_collections_from_braedcrumb" time="12.545"/>
  <system-out/>
</testsuite> <!-- com.Neckermann.TestClass.VerifyWhether_User_clickon_collectionTab_from_braedcrumb_on_CollectionPage -->
