<?xml version="1.0" encoding="UTF-8"?>
<!-- Generated by org.testng.reporters.JUnitReportReporter -->
<testsuite hostname="WA000034" failures="0" tests="1" name="com.Neckermann.TestClass.AboutUSFunctionality_HomePage_Footer" time="10.508" errors="0" timestamp="2023-06-13T14:41:48 IST" skipped="0">
  <testcase classname="com.Neckermann.TestClass.AboutUSFunctionality_HomePage_Footer" name="AboutUSFunctionality_HomePage_Footer1" time="10.508"/>
  <system-out/>
</testsuite> <!-- com.Neckermann.TestClass.AboutUSFunctionality_HomePage_Footer -->
