<?xml version="1.0" encoding="UTF-8"?>
<!-- Generated by org.testng.reporters.JUnitReportReporter -->
<testsuite hostname="WA000034" failures="0" tests="1" name="com.Neckermann.TestClass.Footer_SocialMedia_Facebook_Functionality" time="21.185" errors="0" timestamp="2023-07-04T13:17:12 IST" skipped="0">
  <testcase classname="com.Neckermann.TestClass.Footer_SocialMedia_Facebook_Functionality" name="Footer_SocialMedia_Facebook_Functionality1" time="21.185"/>
  <system-out/>
</testsuite> <!-- com.Neckermann.TestClass.Footer_SocialMedia_Facebook_Functionality -->
