<?xml version="1.0" encoding="UTF-8"?>
<!-- Generated by org.testng.reporters.JUnitReportReporter -->
<testsuite hostname="WA000034" failures="0" tests="1" name="com.Neckermann.TestClass.VerifyWhether_clickontrustpilotonfeelthelove_on_ATOLProtected" time="27.791" errors="0" timestamp="2023-07-19T10:43:41 IST" skipped="0">
  <testcase classname="com.Neckermann.TestClass.VerifyWhether_clickontrustpilotonfeelthelove_on_ATOLProtected" name="ATOLProtected_clickontrustpilotonfeelthelove_Link_Functionality1" time="27.791"/>
  <system-out/>
</testsuite> <!-- com.Neckermann.TestClass.VerifyWhether_clickontrustpilotonfeelthelove_on_ATOLProtected -->
