<?xml version="1.0" encoding="UTF-8"?>
<!-- Generated by org.testng.reporters.JUnitReportReporter -->
<testsuite hostname="WA000034" failures="0" tests="3" name="com.Neckermann.TestClass.VerifyWhether_User_click_on_View_button_on_Travel_guide_Page_For_7_To_9_Destinations" time="71.543" errors="0" timestamp="2023-07-12T10:48:37 IST" skipped="0">
  <testcase classname="com.Neckermann.TestClass.VerifyWhether_User_click_on_View_button_on_Travel_guide_Page_For_7_To_9_Destinations" name="Travel_guide_View_button_click" time="22.734"/>
  <system-out/>
  <testcase classname="com.Neckermann.TestClass.VerifyWhether_User_click_on_View_button_on_Travel_guide_Page_For_7_To_9_Destinations" name="Travel_guide_View_button_click" time="22.930"/>
  <system-out/>
  <testcase classname="com.Neckermann.TestClass.VerifyWhether_User_click_on_View_button_on_Travel_guide_Page_For_7_To_9_Destinations" name="Travel_guide_View_button_click" time="25.879"/>
  <system-out/>
</testsuite> <!-- com.Neckermann.TestClass.VerifyWhether_User_click_on_View_button_on_Travel_guide_Page_For_7_To_9_Destinations -->
