<?xml version="1.0" encoding="UTF-8"?>
<!-- Generated by org.testng.reporters.JUnitReportReporter -->
<testsuite hostname="WA000034" failures="0" tests="1" name="com.Neckermann.TestClass.bbbbbbbb" time="8.766" errors="0" timestamp="2023-07-03T17:32:52 IST" skipped="0">
  <testcase classname="com.Neckermann.TestClass.bbbbbbbb" name="Newsletter_Homepage_Negativetestcase1_Functionality" time="8.766"/>
  <system-out/>
</testsuite> <!-- com.Neckermann.TestClass.bbbbbbbb -->
