<?xml version="1.0" encoding="UTF-8"?>
<!-- Generated by org.testng.reporters.JUnitReportReporter -->
<testsuite hostname="WA000034" failures="0" tests="1" name="com.Neckermann.TestClass.VerifyWhethre_User_clickonthe_Trustpilot_from_Aboutus_page" time="7.403" errors="0" timestamp="2023-07-11T15:51:37 IST" skipped="0">
  <testcase classname="com.Neckermann.TestClass.VerifyWhethre_User_clickonthe_Trustpilot_from_Aboutus_page" name="AboutuspageElement_Trustpilot_Functionality" time="7.403"/>
  <system-out/>
</testsuite> <!-- com.Neckermann.TestClass.VerifyWhethre_User_clickonthe_Trustpilot_from_Aboutus_page -->
