<?xml version="1.0" encoding="UTF-8"?>
<!-- Generated by org.testng.reporters.JUnitReportReporter -->
<testsuite hostname="WA000034" failures="0" tests="1" name="com.Neckermann.TestClass.Verify_visibilityof_components_on_Things_to_do_Page" time="49.157" errors="0" timestamp="2023-07-05T10:19:04 IST" skipped="0">
  <testcase classname="com.Neckermann.TestClass.Verify_visibilityof_components_on_Things_to_do_Page" name="visibilityofcomponents_onthingstodo" time="49.157"/>
  <system-out/>
</testsuite> <!-- com.Neckermann.TestClass.Verify_visibilityof_components_on_Things_to_do_Page -->
