<?xml version="1.0" encoding="UTF-8"?>
<!-- Generated by org.testng.reporters.JUnitReportReporter -->
<testsuite hostname="WA000034" failures="0" tests="1" name="com.Neckermann.TestClass.ffff" time="21.857" errors="0" timestamp="2023-07-04T13:26:00 IST" skipped="0">
  <testcase classname="com.Neckermann.TestClass.ffff" name="Footer_Legal_Functionality" time="21.857"/>
  <system-out/>
</testsuite> <!-- com.Neckermann.TestClass.ffff -->
