<?xml version="1.0" encoding="UTF-8"?>
<!-- Generated by org.testng.reporters.JUnitReportReporter -->
<testsuite hostname="WA000034" failures="0" tests="1" name="com.Neckermann.TestClass.Travel_Guide_Functionality" time="41.972" errors="0" timestamp="2023-07-06T15:55:17 IST" skipped="0">
  <testcase classname="com.Neckermann.TestClass.Travel_Guide_Functionality" name="more_travel_guide_Functionality" time="41.972"/>
  <system-out/>
</testsuite> <!-- com.Neckermann.TestClass.Travel_Guide_Functionality -->
