<?xml version="1.0" encoding="UTF-8"?>
<!-- Generated by org.testng.reporters.JUnitReportReporter -->
<testsuite hostname="WA000034" failures="0" tests="1" name="com.Neckermann.TestClass.bb" time="49.671" errors="0" timestamp="2023-07-05T10:23:16 IST" skipped="0">
  <testcase classname="com.Neckermann.TestClass.bb" name="clickontheContent" time="49.671"/>
  <system-out/>
</testsuite> <!-- com.Neckermann.TestClass.bb -->
