<?xml version="1.0" encoding="UTF-8"?>
<!-- Generated by org.testng.reporters.JUnitReportReporter -->
<testsuite hostname="WA000034" failures="0" tests="6" name="com.Neckermann.TestClass.Verify_whether_Userclick_destination_frommoredestination_onDestinationPage_From_1_To_6_Destinations" time="55.117" errors="0" timestamp="2023-07-12T10:48:37 IST" skipped="0">
  <testcase classname="com.Neckermann.TestClass.Verify_whether_Userclick_destination_frommoredestination_onDestinationPage_From_1_To_6_Destinations" name="clickdestinationfrommoredestination" time="9.159"/>
  <system-out/>
  <testcase classname="com.Neckermann.TestClass.Verify_whether_Userclick_destination_frommoredestination_onDestinationPage_From_1_To_6_Destinations" name="clickdestinationfrommoredestination" time="9.187"/>
  <system-out/>
  <testcase classname="com.Neckermann.TestClass.Verify_whether_Userclick_destination_frommoredestination_onDestinationPage_From_1_To_6_Destinations" name="clickdestinationfrommoredestination" time="9.024"/>
  <system-out/>
  <testcase classname="com.Neckermann.TestClass.Verify_whether_Userclick_destination_frommoredestination_onDestinationPage_From_1_To_6_Destinations" name="clickdestinationfrommoredestination" time="9.340"/>
  <system-out/>
  <testcase classname="com.Neckermann.TestClass.Verify_whether_Userclick_destination_frommoredestination_onDestinationPage_From_1_To_6_Destinations" name="clickdestinationfrommoredestination" time="9.231"/>
  <system-out/>
  <testcase classname="com.Neckermann.TestClass.Verify_whether_Userclick_destination_frommoredestination_onDestinationPage_From_1_To_6_Destinations" name="clickdestinationfrommoredestination" time="9.176"/>
  <system-out/>
</testsuite> <!-- com.Neckermann.TestClass.Verify_whether_Userclick_destination_frommoredestination_onDestinationPage_From_1_To_6_Destinations -->
