<?xml version="1.0" encoding="UTF-8"?>
<!-- Generated by org.testng.reporters.JUnitReportReporter -->
<testsuite hostname="WA000034" failures="0" tests="1" name="com.Neckermann.TestClass.Verify_TravelGuidePage_Opens_on_DestinationsPage" time="11.424" errors="0" timestamp="2023-07-04T17:10:21 IST" skipped="0">
  <testcase classname="com.Neckermann.TestClass.Verify_TravelGuidePage_Opens_on_DestinationsPage" name="clickontravelguide" time="11.424"/>
  <system-out/>
</testsuite> <!-- com.Neckermann.TestClass.Verify_TravelGuidePage_Opens_on_DestinationsPage -->
