<?xml version="1.0" encoding="UTF-8"?>
<!-- Generated by org.testng.reporters.JUnitReportReporter -->
<testsuite hostname="WA000034" failures="0" tests="1" name="com.Neckermann.TestClass.VerifyThe_suscribeNewsletter_Failmessage_visibility_OnNeckermann" time="8.076" errors="0" timestamp="2023-07-19T12:03:25 IST" skipped="0">
  <testcase classname="com.Neckermann.TestClass.VerifyThe_suscribeNewsletter_Failmessage_visibility_OnNeckermann" name="Newsletter_Homepage_Negativetestcase1_Functionality" time="8.076"/>
  <system-out/>
</testsuite> <!-- com.Neckermann.TestClass.VerifyThe_suscribeNewsletter_Failmessage_visibility_OnNeckermann -->
