<?xml version="1.0" encoding="UTF-8"?>
<!-- Generated by org.testng.reporters.JUnitReportReporter -->
<testsuite hostname="WA000034" failures="0" tests="1" name="com.Neckermann.TestClass.Verifythe_submenus_fromthe_LegalMenu__From_HamburgerMenu" time="6.478" errors="0" timestamp="2023-07-19T10:45:55 IST" skipped="0">
  <testcase classname="com.Neckermann.TestClass.Verifythe_submenus_fromthe_LegalMenu__From_HamburgerMenu" name="HamburgerMenu_Legal_Functionality1" time="6.478"/>
  <system-out/>
</testsuite> <!-- com.Neckermann.TestClass.Verifythe_submenus_fromthe_LegalMenu__From_HamburgerMenu -->
