<?xml version="1.0" encoding="UTF-8"?>
<!-- Generated by org.testng.reporters.JUnitReportReporter -->
<testsuite hostname="WA000034" failures="0" tests="1" name="com.Neckermann.TestClass.HamburgerMenu_Functionality" time="13.754" errors="0" timestamp="2023-07-03T17:02:12 IST" skipped="0">
  <testcase classname="com.Neckermann.TestClass.HamburgerMenu_Functionality" name="HamburgerMenu_Company_Functionality" time="13.754"/>
  <system-out/>
</testsuite> <!-- com.Neckermann.TestClass.HamburgerMenu_Functionality -->
