<?xml version="1.0" encoding="UTF-8"?>
<!-- Generated by org.testng.reporters.JUnitReportReporter -->
<testsuite hostname="WA000034" failures="0" tests="2" name="com.Neckermann.TestClass.Verify_the_visibilityof_the_components_on_The_IndividualBlogPage" time="28.442" errors="0" timestamp="2023-07-21T14:05:01 IST" skipped="1">
  <testcase classname="com.Neckermann.TestClass.Verify_the_visibilityof_the_components_on_The_IndividualBlogPage" name="Verify_the_contentmenu_functionality_on_The_IndividualBlogPage1" time="28.442"/>
  <system-out/>
  <testcase classname="com.Neckermann.TestClass.Verify_the_visibilityof_the_components_on_The_IndividualBlogPage" name="Verify_the_visibilityof_the_components_on_The_IndividualBlogPage1">
    <skipped/>
  </testcase> <!-- Verify_the_visibilityof_the_components_on_The_IndividualBlogPage1 -->
  <system-out/>
</testsuite> <!-- com.Neckermann.TestClass.Verify_the_visibilityof_the_components_on_The_IndividualBlogPage -->
