<?xml version="1.0" encoding="UTF-8"?>
<!-- Generated by org.testng.reporters.JUnitReportReporter -->
<testsuite hostname="WA000034" failures="0" tests="1" name="com.Neckermann.TestClass.Verify_the_Mybooking_tab_Functionality" time="19.556" errors="0" timestamp="2023-07-20T12:03:22 IST" skipped="0">
  <testcase classname="com.Neckermann.TestClass.Verify_the_Mybooking_tab_Functionality" name="mybookingfunctionality" time="19.556"/>
  <system-out/>
</testsuite> <!-- com.Neckermann.TestClass.Verify_the_Mybooking_tab_Functionality -->
