<?xml version="1.0" encoding="UTF-8"?>
<!-- Generated by org.testng.reporters.JUnitReportReporter -->
<testsuite hostname="WA000034" failures="0" tests="6" name="com.Neckermann.TestClass.Verify_whether_User_clickon_ViewMore_button_on_Collection" time="78.302" errors="0" timestamp="2023-07-05T15:21:45 IST" skipped="0">
  <testcase classname="com.Neckermann.TestClass.Verify_whether_User_clickon_ViewMore_button_on_Collection" name="clickon_ViewMore_button" time="20.053"/>
  <system-out/>
  <testcase classname="com.Neckermann.TestClass.Verify_whether_User_clickon_ViewMore_button_on_Collection" name="clickon_ViewMore_button" time="11.428"/>
  <system-out/>
  <testcase classname="com.Neckermann.TestClass.Verify_whether_User_clickon_ViewMore_button_on_Collection" name="clickon_ViewMore_button" time="13.466"/>
  <system-out/>
  <testcase classname="com.Neckermann.TestClass.Verify_whether_User_clickon_ViewMore_button_on_Collection" name="clickon_ViewMore_button" time="11.146"/>
  <system-out/>
  <testcase classname="com.Neckermann.TestClass.Verify_whether_User_clickon_ViewMore_button_on_Collection" name="clickon_ViewMore_button" time="11.208"/>
  <system-out/>
  <testcase classname="com.Neckermann.TestClass.Verify_whether_User_clickon_ViewMore_button_on_Collection" name="clickon_ViewMore_button" time="11.001"/>
  <system-out/>
</testsuite> <!-- com.Neckermann.TestClass.Verify_whether_User_clickon_ViewMore_button_on_Collection -->
