<?xml version="1.0" encoding="UTF-8"?>
<!-- Generated by org.testng.reporters.JUnitReportReporter -->
<testsuite hostname="WA000034" failures="0" tests="1" name="com.Neckermann.TestClass.VerifyWhether_UserClickson_ContactUs_Button_from_AboutUsPage" time="5.026" errors="0" timestamp="2023-07-19T10:16:38 IST" skipped="0">
  <testcase classname="com.Neckermann.TestClass.VerifyWhether_UserClickson_ContactUs_Button_from_AboutUsPage" name="AboutuspageElement_contactus_Functionality" time="5.026"/>
  <system-out/>
</testsuite> <!-- com.Neckermann.TestClass.VerifyWhether_UserClickson_ContactUs_Button_from_AboutUsPage -->
