<?xml version="1.0" encoding="UTF-8"?>
<!-- Generated by org.testng.reporters.JUnitReportReporter -->
<testsuite hostname="WA000034" failures="0" tests="6" name="com.Neckermann.TestClass.Verify_TravelGuidePage_Opens_on_DestinationsPage_For_1_To_6_Destinations" time="107.198" errors="0" timestamp="2023-07-12T10:48:37 IST" skipped="0">
  <testcase classname="com.Neckermann.TestClass.Verify_TravelGuidePage_Opens_on_DestinationsPage_For_1_To_6_Destinations" name="clickontravelguide" time="49.381"/>
  <system-out/>
  <testcase classname="com.Neckermann.TestClass.Verify_TravelGuidePage_Opens_on_DestinationsPage_For_1_To_6_Destinations" name="clickontravelguide" time="9.400"/>
  <system-out/>
  <testcase classname="com.Neckermann.TestClass.Verify_TravelGuidePage_Opens_on_DestinationsPage_For_1_To_6_Destinations" name="clickontravelguide" time="10.776"/>
  <system-out/>
  <testcase classname="com.Neckermann.TestClass.Verify_TravelGuidePage_Opens_on_DestinationsPage_For_1_To_6_Destinations" name="clickontravelguide" time="17.386"/>
  <system-out/>
  <testcase classname="com.Neckermann.TestClass.Verify_TravelGuidePage_Opens_on_DestinationsPage_For_1_To_6_Destinations" name="clickontravelguide" time="10.036"/>
  <system-out/>
  <testcase classname="com.Neckermann.TestClass.Verify_TravelGuidePage_Opens_on_DestinationsPage_For_1_To_6_Destinations" name="clickontravelguide" time="10.219"/>
  <system-out/>
</testsuite> <!-- com.Neckermann.TestClass.Verify_TravelGuidePage_Opens_on_DestinationsPage_For_1_To_6_Destinations -->
