<?xml version="1.0" encoding="UTF-8"?>
<!-- Generated by org.testng.reporters.JUnitReportReporter -->
<testsuite hostname="WA000034" failures="0" tests="1" name="com.Neckermann.TestClass.Newsletter_Homepage_Functionality" time="33.521" errors="0" timestamp="2023-07-03T17:23:36 IST" skipped="0">
  <testcase classname="com.Neckermann.TestClass.Newsletter_Homepage_Functionality" name="Newsletter_Homepage_Negativetestcase3_Functionality" time="33.521"/>
  <system-out/>
</testsuite> <!-- com.Neckermann.TestClass.Newsletter_Homepage_Functionality -->
