<?xml version="1.0" encoding="UTF-8"?>
<!-- Generated by org.testng.reporters.JUnitReportReporter -->
<testsuite hostname="WA000034" failures="0" tests="6" name="com.Neckermann.TestClass.Verify_whether_User_clickon_ViewMore_button_on_Collection" time="70.974" errors="0" timestamp="2023-07-11T16:04:50 IST" skipped="0">
  <testcase classname="com.Neckermann.TestClass.Verify_whether_User_clickon_ViewMore_button_on_Collection" name="clickon_ViewMore_button" time="11.603"/>
  <system-out/>
  <testcase classname="com.Neckermann.TestClass.Verify_whether_User_clickon_ViewMore_button_on_Collection" name="clickon_ViewMore_button" time="12.076"/>
  <system-out/>
  <testcase classname="com.Neckermann.TestClass.Verify_whether_User_clickon_ViewMore_button_on_Collection" name="clickon_ViewMore_button" time="11.721"/>
  <system-out/>
  <testcase classname="com.Neckermann.TestClass.Verify_whether_User_clickon_ViewMore_button_on_Collection" name="clickon_ViewMore_button" time="11.969"/>
  <system-out/>
  <testcase classname="com.Neckermann.TestClass.Verify_whether_User_clickon_ViewMore_button_on_Collection" name="clickon_ViewMore_button" time="12.153"/>
  <system-out/>
  <testcase classname="com.Neckermann.TestClass.Verify_whether_User_clickon_ViewMore_button_on_Collection" name="clickon_ViewMore_button" time="11.452"/>
  <system-out/>
</testsuite> <!-- com.Neckermann.TestClass.Verify_whether_User_clickon_ViewMore_button_on_Collection -->
