<?xml version="1.0" encoding="UTF-8"?>
<!-- Generated by org.testng.reporters.JUnitReportReporter -->
<testsuite hostname="WA000034" failures="0" tests="1" name="com.Neckermann.TestClass.AboutuspageElement_contactus_Functionality" time="6.579" errors="0" timestamp="2023-06-13T13:03:15 IST" skipped="0">
  <testcase classname="com.Neckermann.TestClass.AboutuspageElement_contactus_Functionality" name="AboutuspageElement_contactus_Functionality1" time="6.579"/>
  <system-out/>
</testsuite> <!-- com.Neckermann.TestClass.AboutuspageElement_contactus_Functionality -->
