<?xml version="1.0" encoding="UTF-8"?>
<!-- Generated by org.testng.reporters.JUnitReportReporter -->
<testsuite hostname="WA000034" failures="0" tests="6" name="com.Neckermann.TestClass.Verifywhether_click_on_component_from_more_collection" time="53.407" errors="0" timestamp="2023-07-05T15:18:46 IST" skipped="0">
  <testcase classname="com.Neckermann.TestClass.Verifywhether_click_on_component_from_more_collection" name="clickoncomponentfrommorecollection" time="10.373"/>
  <system-out/>
  <testcase classname="com.Neckermann.TestClass.Verifywhether_click_on_component_from_more_collection" name="clickoncomponentfrommorecollection" time="8.028"/>
  <system-out/>
  <testcase classname="com.Neckermann.TestClass.Verifywhether_click_on_component_from_more_collection" name="clickoncomponentfrommorecollection" time="9.068"/>
  <system-out/>
  <testcase classname="com.Neckermann.TestClass.Verifywhether_click_on_component_from_more_collection" name="clickoncomponentfrommorecollection" time="8.444"/>
  <system-out/>
  <testcase classname="com.Neckermann.TestClass.Verifywhether_click_on_component_from_more_collection" name="clickoncomponentfrommorecollection" time="9.392"/>
  <system-out/>
  <testcase classname="com.Neckermann.TestClass.Verifywhether_click_on_component_from_more_collection" name="clickoncomponentfrommorecollection" time="8.102"/>
  <system-out/>
</testsuite> <!-- com.Neckermann.TestClass.Verifywhether_click_on_component_from_more_collection -->
