<?xml version="1.0" encoding="UTF-8"?>
<!-- Generated by org.testng.reporters.JUnitReportReporter -->
<testsuite hostname="WA000034" failures="0" tests="1" name="com.Neckermann.TestClass.Footer_container_visiblity_Functionality" time="7.930" errors="0" timestamp="2023-06-15T15:40:58 IST" skipped="0">
  <testcase classname="com.Neckermann.TestClass.Footer_container_visiblity_Functionality" name="Footer_container_visiblity_Functionality1" time="7.930"/>
  <system-out/>
</testsuite> <!-- com.Neckermann.TestClass.Footer_container_visiblity_Functionality -->
