<?xml version="1.0" encoding="UTF-8"?>
<!-- Generated by org.testng.reporters.JUnitReportReporter -->
<testsuite hostname="WA000034" failures="0" tests="1" name="com.Neckermann.TestClass.VerifyWhether_UserClickson_ContactUs_Button_from_AboutUsPage" time="4.915" errors="0" timestamp="2023-07-04T11:36:31 IST" skipped="0">
  <testcase classname="com.Neckermann.TestClass.VerifyWhether_UserClickson_ContactUs_Button_from_AboutUsPage" name="AboutuspageElement_contactus_Functionality" time="4.915"/>
  <system-out/>
</testsuite> <!-- com.Neckermann.TestClass.VerifyWhether_UserClickson_ContactUs_Button_from_AboutUsPage -->
