<?xml version="1.0" encoding="UTF-8"?>
<!-- Generated by org.testng.reporters.JUnitReportReporter -->
<testsuite hostname="WA000034" failures="0" tests="1" name="com.Neckermann.TestClass.ccc" time="22.387" errors="0" timestamp="2023-07-04T13:12:30 IST" skipped="0">
  <testcase classname="com.Neckermann.TestClass.ccc" name="Footer_SocialMedia_Pininsert_Functionality" time="22.387"/>
  <system-out/>
</testsuite> <!-- com.Neckermann.TestClass.ccc -->
