<?xml version="1.0" encoding="UTF-8"?>
<!-- Generated by org.testng.reporters.JUnitReportReporter -->
<testsuite hostname="WA000034" failures="0" tests="3" name="com.Neckermann.TestClass.Verify_view_button_Functionality_on_Destination_Page_For_7_To_9_Destinations" time="32.246" errors="0" timestamp="2023-07-05T17:03:18 IST" skipped="0">
  <testcase classname="com.Neckermann.TestClass.Verify_view_button_Functionality_on_Destination_Page_For_7_To_9_Destinations" name="clickontravelguide" time="12.451"/>
  <system-out/>
  <testcase classname="com.Neckermann.TestClass.Verify_view_button_Functionality_on_Destination_Page_For_7_To_9_Destinations" name="clickontravelguide" time="10.063"/>
  <system-out/>
  <testcase classname="com.Neckermann.TestClass.Verify_view_button_Functionality_on_Destination_Page_For_7_To_9_Destinations" name="clickontravelguide" time="9.732"/>
  <system-out/>
</testsuite> <!-- com.Neckermann.TestClass.Verify_view_button_Functionality_on_Destination_Page_For_7_To_9_Destinations -->
