<?xml version="1.0" encoding="UTF-8"?>
<!-- Generated by org.testng.reporters.JUnitReportReporter -->
<testsuite hostname="WA000034" failures="0" tests="1" name="com.Neckermann.TestClass.Verify_Footer_SocialMedia_Ticktok_Functionality" time="15.088" errors="0" timestamp="2023-07-04T13:19:29 IST" skipped="0">
  <testcase classname="com.Neckermann.TestClass.Verify_Footer_SocialMedia_Ticktok_Functionality" name="Footer_SocialMedia_Ticktok_Functionality" time="15.088"/>
  <system-out/>
</testsuite> <!-- com.Neckermann.TestClass.Verify_Footer_SocialMedia_Ticktok_Functionality -->
