<?xml version="1.0" encoding="UTF-8"?>
<!-- Generated by org.testng.reporters.JUnitReportReporter -->
<testsuite hostname="WA000034" failures="0" tests="1" name="com.Neckermann.TestClass.cc" time="40.041" errors="0" timestamp="2023-07-04T17:03:29 IST" skipped="0">
  <testcase classname="com.Neckermann.TestClass.cc" name="clickonthingstodo" time="40.041"/>
  <system-out/>
</testsuite> <!-- com.Neckermann.TestClass.cc -->
