<?xml version="1.0" encoding="UTF-8"?>
<!-- Generated by org.testng.reporters.JUnitReportReporter -->
<testsuite hostname="WA000034" failures="0" tests="1" name="com.Neckermann.TestClass.VerifyWhether_Footer_isVisible_onthe_HomePage" time="8.300" errors="0" timestamp="2023-07-11T16:25:20 IST" skipped="0">
  <testcase classname="com.Neckermann.TestClass.VerifyWhether_Footer_isVisible_onthe_HomePage" name="Footer_container_visiblity_Functionality1" time="8.300"/>
  <system-out/>
</testsuite> <!-- com.Neckermann.TestClass.VerifyWhether_Footer_isVisible_onthe_HomePage -->
