<?xml version="1.0" encoding="UTF-8"?>
<!-- Generated by org.testng.reporters.JUnitReportReporter -->
<testsuite hostname="WA000034" failures="0" tests="3" name="com.Neckermann.TestClass.Verify_whether_user_clickontheContent_from_ThingsToDo_Page_For_7_To_8_Destinations" time="75.980" errors="0" timestamp="2023-07-20T10:52:58 IST" skipped="0">
  <testcase classname="com.Neckermann.TestClass.Verify_whether_user_clickontheContent_from_ThingsToDo_Page_For_7_To_8_Destinations" name="clickontheContent" time="24.161"/>
  <system-out/>
  <testcase classname="com.Neckermann.TestClass.Verify_whether_user_clickontheContent_from_ThingsToDo_Page_For_7_To_8_Destinations" name="clickontheContent" time="27.130"/>
  <system-out/>
  <testcase classname="com.Neckermann.TestClass.Verify_whether_user_clickontheContent_from_ThingsToDo_Page_For_7_To_8_Destinations" name="clickontheContent" time="24.689"/>
  <system-out/>
</testsuite> <!-- com.Neckermann.TestClass.Verify_whether_user_clickontheContent_from_ThingsToDo_Page_For_7_To_8_Destinations -->
