<?xml version="1.0" encoding="UTF-8"?>
<!-- Generated by org.testng.reporters.JUnitReportReporter -->
<testsuite hostname="WA000034" failures="0" tests="1" name="com.Neckermann.TestClass.VerifyThe_Reviews_functionality_on_The_HomePage" time="15.365" errors="0" timestamp="2023-07-19T10:10:53 IST" skipped="0">
  <testcase classname="com.Neckermann.TestClass.VerifyThe_Reviews_functionality_on_The_HomePage" name="Review_onThe_Homepage_Functionality" time="15.365"/>
  <system-out/>
</testsuite> <!-- com.Neckermann.TestClass.VerifyThe_Reviews_functionality_on_The_HomePage -->
