<?xml version="1.0" encoding="UTF-8"?>
<!-- Generated by org.testng.reporters.JUnitReportReporter -->
<testsuite hostname="WA000034" failures="0" tests="1" name="com.Neckermann.TestClass.Verify_Submenus_From__Legalmenu_onFooter" time="22.834" errors="0" timestamp="2023-07-19T12:34:27 IST" skipped="0">
  <testcase classname="com.Neckermann.TestClass.Verify_Submenus_From__Legalmenu_onFooter" name="Footer_Legal_Functionality" time="22.834"/>
  <system-out/>
</testsuite> <!-- com.Neckermann.TestClass.Verify_Submenus_From__Legalmenu_onFooter -->
