<?xml version="1.0" encoding="UTF-8"?>
<!-- Generated by org.testng.reporters.JUnitReportReporter -->
<testsuite hostname="WA000034" failures="0" tests="1" name="com.Neckermann.TestClass.Verifythe_submenus_fromthe_HolidayMenu__From_HamburgerMenu" time="6.231" errors="0" timestamp="2023-07-04T11:36:31 IST" skipped="0">
  <testcase classname="com.Neckermann.TestClass.Verifythe_submenus_fromthe_HolidayMenu__From_HamburgerMenu" name="HamburgerMenu_Holidays_Functionality" time="6.231"/>
  <system-out/>
</testsuite> <!-- com.Neckermann.TestClass.Verifythe_submenus_fromthe_HolidayMenu__From_HamburgerMenu -->
