<?xml version="1.0" encoding="UTF-8"?>
<!-- Generated by org.testng.reporters.JUnitReportReporter -->
<testsuite hostname="WA000034" failures="0" tests="6" name="com.Neckermann.TestClass.Verify_Whether_UserClickon_Destination_From_HomePage_From_1_to_6" time="34.546" errors="0" timestamp="2023-07-11T16:20:31 IST" skipped="0">
  <testcase classname="com.Neckermann.TestClass.Verify_Whether_UserClickon_Destination_From_HomePage_From_1_to_6" name="Destinations_HomePage_functioanlity" time="5.621"/>
  <system-out/>
  <testcase classname="com.Neckermann.TestClass.Verify_Whether_UserClickon_Destination_From_HomePage_From_1_to_6" name="Destinations_HomePage_functioanlity" time="7.104"/>
  <system-out/>
  <testcase classname="com.Neckermann.TestClass.Verify_Whether_UserClickon_Destination_From_HomePage_From_1_to_6" name="Destinations_HomePage_functioanlity" time="6.298"/>
  <system-out/>
  <testcase classname="com.Neckermann.TestClass.Verify_Whether_UserClickon_Destination_From_HomePage_From_1_to_6" name="Destinations_HomePage_functioanlity" time="5.259"/>
  <system-out/>
  <testcase classname="com.Neckermann.TestClass.Verify_Whether_UserClickon_Destination_From_HomePage_From_1_to_6" name="Destinations_HomePage_functioanlity" time="5.085"/>
  <system-out/>
  <testcase classname="com.Neckermann.TestClass.Verify_Whether_UserClickon_Destination_From_HomePage_From_1_to_6" name="Destinations_HomePage_functioanlity" time="5.179"/>
  <system-out/>
</testsuite> <!-- com.Neckermann.TestClass.Verify_Whether_UserClickon_Destination_From_HomePage_From_1_to_6 -->
