<?xml version="1.0" encoding="UTF-8"?>
<!-- Generated by org.testng.reporters.JUnitReportReporter -->
<testsuite hostname="WA000034" failures="0" tests="4" name="com.Neckermann.TestClass.Travel_Guide_Functionality" time="16.820" errors="0" timestamp="2023-06-30T16:00:51 IST" skipped="3">
  <testcase classname="com.Neckermann.TestClass.Travel_Guide_Functionality" name="FCDO_link_Functionality" time="16.820"/>
  <system-out/>
  <testcase classname="com.Neckermann.TestClass.Travel_Guide_Functionality" name="tourist_informationlink_Functionality">
    <skipped/>
  </testcase> <!-- tourist_informationlink_Functionality -->
  <system-out/>
  <testcase classname="com.Neckermann.TestClass.Travel_Guide_Functionality" name="more_travel_guide_Functionality">
    <skipped/>
  </testcase> <!-- more_travel_guide_Functionality -->
  <system-out/>
  <testcase classname="com.Neckermann.TestClass.Travel_Guide_Functionality" name="visa_healthlink_Functionality">
    <skipped/>
  </testcase> <!-- visa_healthlink_Functionality -->
  <system-out/>
</testsuite> <!-- com.Neckermann.TestClass.Travel_Guide_Functionality -->
