<?xml version="1.0" encoding="UTF-8"?>
<!-- Generated by org.testng.reporters.JUnitReportReporter -->
<testsuite hostname="WA000034" failures="0" tests="1" name="com.Neckermann.TestClass.VerfiyThe_Logo_Functionality_On_the_Header" time="5.592" errors="0" timestamp="2023-07-11T15:51:37 IST" skipped="0">
  <testcase classname="com.Neckermann.TestClass.VerfiyThe_Logo_Functionality_On_the_Header" name="Neckermann_Logo_Functionality" time="5.592"/>
  <system-out/>
</testsuite> <!-- com.Neckermann.TestClass.VerfiyThe_Logo_Functionality_On_the_Header -->
