<?xml version="1.0" encoding="UTF-8"?>
<!-- Generated by org.testng.reporters.JUnitReportReporter -->
<testsuite hostname="WA000034" failures="0" tests="1" name="com.Neckermann.TestClass.VerifyWhether_Clickon_Aboutus_from_Header" time="4.764" errors="0" timestamp="2023-07-03T14:52:09 IST" skipped="0">
  <testcase classname="com.Neckermann.TestClass.VerifyWhether_Clickon_Aboutus_from_Header" name="AboutUSFunctionality_HomePage_Header" time="4.764"/>
  <system-out/>
</testsuite> <!-- com.Neckermann.TestClass.VerifyWhether_Clickon_Aboutus_from_Header -->
