<?xml version="1.0" encoding="UTF-8"?>
<!-- Generated by org.testng.reporters.JUnitReportReporter -->
<testsuite hostname="WA000034" failures="0" tests="3" name="com.Neckermann.TestClass.Verify_whether_User_click_on_Travel_advicelink_For_7_To_9_Destinations_onTravelGuidePage" time="54.042" errors="0" timestamp="2023-07-20T11:36:44 IST" skipped="0">
  <testcase classname="com.Neckermann.TestClass.Verify_whether_User_click_on_Travel_advicelink_For_7_To_9_Destinations_onTravelGuidePage" name="visa_healthlink_Functionality" time="19.147"/>
  <system-out/>
  <testcase classname="com.Neckermann.TestClass.Verify_whether_User_click_on_Travel_advicelink_For_7_To_9_Destinations_onTravelGuidePage" name="visa_healthlink_Functionality" time="21.675"/>
  <system-out/>
  <testcase classname="com.Neckermann.TestClass.Verify_whether_User_click_on_Travel_advicelink_For_7_To_9_Destinations_onTravelGuidePage" name="visa_healthlink_Functionality" time="13.220"/>
  <system-out/>
</testsuite> <!-- com.Neckermann.TestClass.Verify_whether_User_click_on_Travel_advicelink_For_7_To_9_Destinations_onTravelGuidePage -->
