<?xml version="1.0" encoding="UTF-8"?>
<!-- Generated by org.testng.reporters.JUnitReportReporter -->
<testsuite hostname="WA000034" failures="0" tests="6" name="com.Neckermann.TestClass.Verify_view_button_Functionality_on_Destination_Page_For_1_To_6_Destinations" time="61.617" errors="0" timestamp="2023-07-12T10:48:37 IST" skipped="0">
  <testcase classname="com.Neckermann.TestClass.Verify_view_button_Functionality_on_Destination_Page_For_1_To_6_Destinations" name="view_button_Functionality" time="10.054"/>
  <system-out/>
  <testcase classname="com.Neckermann.TestClass.Verify_view_button_Functionality_on_Destination_Page_For_1_To_6_Destinations" name="view_button_Functionality" time="10.360"/>
  <system-out/>
  <testcase classname="com.Neckermann.TestClass.Verify_view_button_Functionality_on_Destination_Page_For_1_To_6_Destinations" name="view_button_Functionality" time="10.271"/>
  <system-out/>
  <testcase classname="com.Neckermann.TestClass.Verify_view_button_Functionality_on_Destination_Page_For_1_To_6_Destinations" name="view_button_Functionality" time="10.527"/>
  <system-out/>
  <testcase classname="com.Neckermann.TestClass.Verify_view_button_Functionality_on_Destination_Page_For_1_To_6_Destinations" name="view_button_Functionality" time="10.151"/>
  <system-out/>
  <testcase classname="com.Neckermann.TestClass.Verify_view_button_Functionality_on_Destination_Page_For_1_To_6_Destinations" name="view_button_Functionality" time="10.254"/>
  <system-out/>
</testsuite> <!-- com.Neckermann.TestClass.Verify_view_button_Functionality_on_Destination_Page_For_1_To_6_Destinations -->
