<?xml version="1.0" encoding="UTF-8"?>
<!-- Generated by org.testng.reporters.JUnitReportReporter -->
<testsuite hostname="WA000034" failures="0" tests="1" name="com.Neckermann.TestClass.cc" time="11.142" errors="0" timestamp="2023-07-04T15:46:45 IST" skipped="0">
  <testcase classname="com.Neckermann.TestClass.cc" name="clickon_Home_Tab_from_hamburger" time="11.142"/>
  <system-out/>
</testsuite> <!-- com.Neckermann.TestClass.cc -->
