<?xml version="1.0" encoding="UTF-8"?>
<!-- Generated by org.testng.reporters.JUnitReportReporter -->
<testsuite hostname="WA000034" failures="0" tests="3" name="com.Neckermann.TestClass.Verify_FCDO_link_Functionality_For_7_To_8_Destinations" time="33.812" errors="0" timestamp="2023-07-05T17:40:53 IST" skipped="0">
  <testcase classname="com.Neckermann.TestClass.Verify_FCDO_link_Functionality_For_7_To_8_Destinations" name="FCDO_link_Functionality" time="12.304"/>
  <system-out/>
  <testcase classname="com.Neckermann.TestClass.Verify_FCDO_link_Functionality_For_7_To_8_Destinations" name="FCDO_link_Functionality" time="10.594"/>
  <system-out/>
  <testcase classname="com.Neckermann.TestClass.Verify_FCDO_link_Functionality_For_7_To_8_Destinations" name="FCDO_link_Functionality" time="10.914"/>
  <system-out/>
</testsuite> <!-- com.Neckermann.TestClass.Verify_FCDO_link_Functionality_For_7_To_8_Destinations -->
