<?xml version="1.0" encoding="UTF-8"?>
<!-- Generated by org.testng.reporters.JUnitReportReporter -->
<testsuite hostname="WA000034" failures="0" tests="1" name="com.Neckermann.TestClass.cc" time="15.456" errors="0" timestamp="2023-07-05T13:01:20 IST" skipped="0">
  <testcase classname="com.Neckermann.TestClass.cc" name="FCDO_link_Functionality" time="15.456"/>
  <system-out/>
</testsuite> <!-- com.Neckermann.TestClass.cc -->
