<?xml version="1.0" encoding="UTF-8"?>
<!-- Generated by org.testng.reporters.JUnitReportReporter -->
<testsuite hostname="WA000034" failures="0" tests="6" name="com.Neckermann.TestClass.Verifywhether_click_on_component_from_more_collection" time="49.473" errors="0" timestamp="2023-07-11T16:04:50 IST" skipped="0">
  <testcase classname="com.Neckermann.TestClass.Verifywhether_click_on_component_from_more_collection" name="clickoncomponentfrommorecollection" time="8.158"/>
  <system-out/>
  <testcase classname="com.Neckermann.TestClass.Verifywhether_click_on_component_from_more_collection" name="clickoncomponentfrommorecollection" time="8.445"/>
  <system-out/>
  <testcase classname="com.Neckermann.TestClass.Verifywhether_click_on_component_from_more_collection" name="clickoncomponentfrommorecollection" time="8.028"/>
  <system-out/>
  <testcase classname="com.Neckermann.TestClass.Verifywhether_click_on_component_from_more_collection" name="clickoncomponentfrommorecollection" time="8.281"/>
  <system-out/>
  <testcase classname="com.Neckermann.TestClass.Verifywhether_click_on_component_from_more_collection" name="clickoncomponentfrommorecollection" time="8.517"/>
  <system-out/>
  <testcase classname="com.Neckermann.TestClass.Verifywhether_click_on_component_from_more_collection" name="clickoncomponentfrommorecollection" time="8.044"/>
  <system-out/>
</testsuite> <!-- com.Neckermann.TestClass.Verifywhether_click_on_component_from_more_collection -->
