<?xml version="1.0" encoding="UTF-8"?>
<!-- Generated by org.testng.reporters.JUnitReportReporter -->
<testsuite hostname="WA000034" failures="0" tests="1" name="com.Neckermann.TestClass.Search_Widget_Functionality" time="54.761" errors="0" timestamp="2023-07-04T10:13:01 IST" skipped="0">
  <testcase classname="com.Neckermann.TestClass.Search_Widget_Functionality" name="name" time="54.761"/>
  <system-out/>
</testsuite> <!-- com.Neckermann.TestClass.Search_Widget_Functionality -->
