<?xml version="1.0" encoding="UTF-8"?>
<!-- Generated by org.testng.reporters.JUnitReportReporter -->
<testsuite hostname="WA000034" failures="0" tests="1" name="com.Neckermann.TestClass.Collection_Functionality" time="12.946" errors="0" timestamp="2023-07-04T16:43:38 IST" skipped="0">
  <testcase classname="com.Neckermann.TestClass.Collection_Functionality" name="Readmore_Readless_functionality" time="12.946"/>
  <system-out/>
</testsuite> <!-- com.Neckermann.TestClass.Collection_Functionality -->
