<?xml version="1.0" encoding="UTF-8"?>
<!-- Generated by org.testng.reporters.JUnitReportReporter -->
<testsuite hostname="WA000034" failures="0" tests="1" name="com.Neckermann.TestClass.Verifywhether_user_should_clickon_yourguide_on_travelGuidePage_For_9th_Destinations" time="20.693" errors="0" timestamp="2023-07-20T11:34:43 IST" skipped="0">
  <testcase classname="com.Neckermann.TestClass.Verifywhether_user_should_clickon_yourguide_on_travelGuidePage_For_9th_Destinations" name="Travel_guide_anotherbuttonclick_click" time="20.693"/>
  <system-out/>
</testsuite> <!-- com.Neckermann.TestClass.Verifywhether_user_should_clickon_yourguide_on_travelGuidePage_For_9th_Destinations -->
