<?xml version="1.0" encoding="UTF-8"?>
<!-- Generated by org.testng.reporters.JUnitReportReporter -->
<testsuite hostname="WA000034" failures="0" tests="6" name="com.Neckermann.TestClass.Verify_Thingstodo_PageOpen_On_DestinationPage_For_1_To_6_Destinations" time="229.296" errors="0" timestamp="2023-07-12T10:48:37 IST" skipped="0">
  <testcase classname="com.Neckermann.TestClass.Verify_Thingstodo_PageOpen_On_DestinationPage_For_1_To_6_Destinations" name="clickonthingstodo" time="38.085"/>
  <system-out/>
  <testcase classname="com.Neckermann.TestClass.Verify_Thingstodo_PageOpen_On_DestinationPage_For_1_To_6_Destinations" name="clickonthingstodo" time="37.941"/>
  <system-out/>
  <testcase classname="com.Neckermann.TestClass.Verify_Thingstodo_PageOpen_On_DestinationPage_For_1_To_6_Destinations" name="clickonthingstodo" time="38.072"/>
  <system-out/>
  <testcase classname="com.Neckermann.TestClass.Verify_Thingstodo_PageOpen_On_DestinationPage_For_1_To_6_Destinations" name="clickonthingstodo" time="39.046"/>
  <system-out/>
  <testcase classname="com.Neckermann.TestClass.Verify_Thingstodo_PageOpen_On_DestinationPage_For_1_To_6_Destinations" name="clickonthingstodo" time="37.988"/>
  <system-out/>
  <testcase classname="com.Neckermann.TestClass.Verify_Thingstodo_PageOpen_On_DestinationPage_For_1_To_6_Destinations" name="clickonthingstodo" time="38.164"/>
  <system-out/>
</testsuite> <!-- com.Neckermann.TestClass.Verify_Thingstodo_PageOpen_On_DestinationPage_For_1_To_6_Destinations -->
