<?xml version="1.0" encoding="UTF-8"?>
<!-- Generated by org.testng.reporters.JUnitReportReporter -->
<testsuite hostname="WA000034" failures="0" tests="1" name="com.Neckermann.TestClass.ATOLProtected_clickonunbeatableprice_Link_Functionality" time="9.193" errors="0" timestamp="2023-06-13T17:40:37 IST" skipped="0">
  <testcase classname="com.Neckermann.TestClass.ATOLProtected_clickonunbeatableprice_Link_Functionality" name="ATOLProtected_clickonunbeatableprice_Link_Functionality1" time="9.193"/>
  <system-out/>
</testsuite> <!-- com.Neckermann.TestClass.ATOLProtected_clickonunbeatableprice_Link_Functionality -->
