<?xml version="1.0" encoding="UTF-8"?>
<!-- Generated by org.testng.reporters.JUnitReportReporter -->
<testsuite hostname="WA000034" failures="0" tests="3" name="com.Neckermann.TestClass.Verify_viewmore_button_On_Destination_Page_For_7_To_9_Destinations" time="37.112" errors="0" timestamp="2023-07-05T16:05:52 IST" skipped="0">
  <testcase classname="com.Neckermann.TestClass.Verify_viewmore_button_On_Destination_Page_For_7_To_9_Destinations" name="viewmorw_button_Functionality" time="11.717"/>
  <system-out/>
  <testcase classname="com.Neckermann.TestClass.Verify_viewmore_button_On_Destination_Page_For_7_To_9_Destinations" name="viewmorw_button_Functionality" time="12.863"/>
  <system-out/>
  <testcase classname="com.Neckermann.TestClass.Verify_viewmore_button_On_Destination_Page_For_7_To_9_Destinations" name="viewmorw_button_Functionality" time="12.532"/>
  <system-out/>
</testsuite> <!-- com.Neckermann.TestClass.Verify_viewmore_button_On_Destination_Page_For_7_To_9_Destinations -->
