<?xml version="1.0" encoding="UTF-8"?>
<!-- Generated by org.testng.reporters.JUnitReportReporter -->
<testsuite hostname="WA000034" failures="0" tests="1" name="com.Neckermann.TestClass.VerifyWhether_userOpen_Link_unbeadablePrice_on_ATOL_Page" time="14.288" errors="0" timestamp="2023-07-03T16:30:20 IST" skipped="0">
  <testcase classname="com.Neckermann.TestClass.VerifyWhether_userOpen_Link_unbeadablePrice_on_ATOL_Page" name="ATOLProtected_clickonunbdeatableprice_Link_Functionality" time="14.288"/>
  <system-out/>
</testsuite> <!-- com.Neckermann.TestClass.VerifyWhether_userOpen_Link_unbeadablePrice_on_ATOL_Page -->
