<?xml version="1.0" encoding="UTF-8"?>
<!-- Generated by org.testng.reporters.JUnitReportReporter -->
<testsuite hostname="WA000034" failures="0" tests="6" name="com.Neckermann.TestClass.Visibility_Of_difrentComponent_on_Collection_Page" time="59.486" errors="0" timestamp="2023-07-11T16:04:50 IST" skipped="0">
  <testcase classname="com.Neckermann.TestClass.Visibility_Of_difrentComponent_on_Collection_Page" name="Homepage_collection_visibilityofcomponents" time="9.424"/>
  <system-out/>
  <testcase classname="com.Neckermann.TestClass.Visibility_Of_difrentComponent_on_Collection_Page" name="Homepage_collection_visibilityofcomponents" time="9.179"/>
  <system-out/>
  <testcase classname="com.Neckermann.TestClass.Visibility_Of_difrentComponent_on_Collection_Page" name="Homepage_collection_visibilityofcomponents" time="9.231"/>
  <system-out/>
  <testcase classname="com.Neckermann.TestClass.Visibility_Of_difrentComponent_on_Collection_Page" name="Homepage_collection_visibilityofcomponents" time="9.659"/>
  <system-out/>
  <testcase classname="com.Neckermann.TestClass.Visibility_Of_difrentComponent_on_Collection_Page" name="Homepage_collection_visibilityofcomponents" time="9.969"/>
  <system-out/>
  <testcase classname="com.Neckermann.TestClass.Visibility_Of_difrentComponent_on_Collection_Page" name="Homepage_collection_visibilityofcomponents" time="12.024"/>
  <system-out/>
</testsuite> <!-- com.Neckermann.TestClass.Visibility_Of_difrentComponent_on_Collection_Page -->
