<?xml version="1.0" encoding="UTF-8"?>
<!-- Generated by org.testng.reporters.JUnitReportReporter -->
<testsuite hostname="WA000034" failures="0" tests="6" name="com.Neckermann.TestClass.Verify_view_button_Functionality_on_Destination_Page_For_1_To_6_Destinations" time="82.990" errors="0" timestamp="2023-07-11T16:20:31 IST" skipped="0">
  <testcase classname="com.Neckermann.TestClass.Verify_view_button_Functionality_on_Destination_Page_For_1_To_6_Destinations" name="view_button_Functionality" time="30.436"/>
  <system-out/>
  <testcase classname="com.Neckermann.TestClass.Verify_view_button_Functionality_on_Destination_Page_For_1_To_6_Destinations" name="view_button_Functionality" time="10.473"/>
  <system-out/>
  <testcase classname="com.Neckermann.TestClass.Verify_view_button_Functionality_on_Destination_Page_For_1_To_6_Destinations" name="view_button_Functionality" time="10.442"/>
  <system-out/>
  <testcase classname="com.Neckermann.TestClass.Verify_view_button_Functionality_on_Destination_Page_For_1_To_6_Destinations" name="view_button_Functionality" time="10.691"/>
  <system-out/>
  <testcase classname="com.Neckermann.TestClass.Verify_view_button_Functionality_on_Destination_Page_For_1_To_6_Destinations" name="view_button_Functionality" time="10.575"/>
  <system-out/>
  <testcase classname="com.Neckermann.TestClass.Verify_view_button_Functionality_on_Destination_Page_For_1_To_6_Destinations" name="view_button_Functionality" time="10.373"/>
  <system-out/>
</testsuite> <!-- com.Neckermann.TestClass.Verify_view_button_Functionality_on_Destination_Page_For_1_To_6_Destinations -->
