<?xml version="1.0" encoding="UTF-8"?>
<!-- Generated by org.testng.reporters.JUnitReportReporter -->
<testsuite hostname="WA000034" failures="0" tests="6" name="com.Neckermann.TestClass.ATOLprotecetd_Functionality" time="56.853" errors="0" timestamp="2023-06-19T16:53:26 IST" skipped="0">
  <testcase classname="com.Neckermann.TestClass.ATOLprotecetd_Functionality" name="ATOLProtected_clickonunbeatableprice_Link_Functionality1" time="5.490"/>
  <system-out/>
  <testcase classname="com.Neckermann.TestClass.ATOLprotecetd_Functionality" name="atolprotecetdfunctionality" time="24.667"/>
  <system-out/>
  <testcase classname="com.Neckermann.TestClass.ATOLprotecetd_Functionality" name="Atolprotecetdfunctionality_visiblityofNewsletter_Footer" time="4.100"/>
  <system-out/>
  <testcase classname="com.Neckermann.TestClass.ATOLprotecetd_Functionality" name="ATOLProtected_clickonATOL_Link_Functionality" time="7.292"/>
  <system-out/>
  <testcase classname="com.Neckermann.TestClass.ATOLprotecetd_Functionality" name="ATOLProtected_clickonunbdeatableprice_Link_Functionality" time="7.601"/>
  <system-out/>
  <testcase classname="com.Neckermann.TestClass.ATOLprotecetd_Functionality" name="ATOLProtected_clickontrustpilotonfeelthelove_Link_Functionality1" time="7.703"/>
  <system-out/>
</testsuite> <!-- com.Neckermann.TestClass.ATOLprotecetd_Functionality -->
