<?xml version="1.0" encoding="UTF-8"?>
<!-- Generated by org.testng.reporters.JUnitReportReporter -->
<testsuite hostname="WA000034" failures="0" tests="6" name="com.Neckermann.TestClass.aa" time="65.331" errors="0" timestamp="2023-07-11T15:17:45 IST" skipped="0">
  <testcase classname="com.Neckermann.TestClass.aa" name="Travel_guide_anotherbuttonclick_click" time="11.957"/>
  <system-out/>
  <testcase classname="com.Neckermann.TestClass.aa" name="Travel_guide_anotherbuttonclick_click" time="8.996"/>
  <system-out/>
  <testcase classname="com.Neckermann.TestClass.aa" name="Travel_guide_anotherbuttonclick_click" time="16.325"/>
  <system-out/>
  <testcase classname="com.Neckermann.TestClass.aa" name="Travel_guide_anotherbuttonclick_click" time="9.092"/>
  <system-out/>
  <testcase classname="com.Neckermann.TestClass.aa" name="Travel_guide_anotherbuttonclick_click" time="10.177"/>
  <system-out/>
  <testcase classname="com.Neckermann.TestClass.aa" name="Travel_guide_anotherbuttonclick_click" time="8.784"/>
  <system-out/>
</testsuite> <!-- com.Neckermann.TestClass.aa -->
