<?xml version="1.0" encoding="UTF-8"?>
<!-- Generated by org.testng.reporters.JUnitReportReporter -->
<testsuite hostname="WA000034" failures="0" tests="6" name="com.Neckermann.TestClass.Verify_IndividualhotelOpen_After_clicking_ViewButton_OncollectionPage" time="69.161" errors="0" timestamp="2023-07-11T16:04:50 IST" skipped="0">
  <testcase classname="com.Neckermann.TestClass.Verify_IndividualhotelOpen_After_clicking_ViewButton_OncollectionPage" name="clickon_View_button" time="11.660"/>
  <system-out/>
  <testcase classname="com.Neckermann.TestClass.Verify_IndividualhotelOpen_After_clicking_ViewButton_OncollectionPage" name="clickon_View_button" time="11.753"/>
  <system-out/>
  <testcase classname="com.Neckermann.TestClass.Verify_IndividualhotelOpen_After_clicking_ViewButton_OncollectionPage" name="clickon_View_button" time="11.452"/>
  <system-out/>
  <testcase classname="com.Neckermann.TestClass.Verify_IndividualhotelOpen_After_clicking_ViewButton_OncollectionPage" name="clickon_View_button" time="11.483"/>
  <system-out/>
  <testcase classname="com.Neckermann.TestClass.Verify_IndividualhotelOpen_After_clicking_ViewButton_OncollectionPage" name="clickon_View_button" time="11.237"/>
  <system-out/>
  <testcase classname="com.Neckermann.TestClass.Verify_IndividualhotelOpen_After_clicking_ViewButton_OncollectionPage" name="clickon_View_button" time="11.576"/>
  <system-out/>
</testsuite> <!-- com.Neckermann.TestClass.Verify_IndividualhotelOpen_After_clicking_ViewButton_OncollectionPage -->
