<?xml version="1.0" encoding="UTF-8"?>
<!-- Generated by org.testng.reporters.JUnitReportReporter -->
<testsuite hostname="WA000034" failures="0" tests="6" name="com.Neckermann.TestClass.Verify_Readmore_Readless_functionality_on_CollectionPage" time="81.098" errors="0" timestamp="2023-07-19T14:55:39 IST" skipped="0">
  <testcase classname="com.Neckermann.TestClass.Verify_Readmore_Readless_functionality_on_CollectionPage" name="Readmore_Readless_functionality" time="14.062"/>
  <system-out/>
  <testcase classname="com.Neckermann.TestClass.Verify_Readmore_Readless_functionality_on_CollectionPage" name="Readmore_Readless_functionality" time="13.235"/>
  <system-out/>
  <testcase classname="com.Neckermann.TestClass.Verify_Readmore_Readless_functionality_on_CollectionPage" name="Readmore_Readless_functionality" time="16.233"/>
  <system-out/>
  <testcase classname="com.Neckermann.TestClass.Verify_Readmore_Readless_functionality_on_CollectionPage" name="Readmore_Readless_functionality" time="11.880"/>
  <system-out/>
  <testcase classname="com.Neckermann.TestClass.Verify_Readmore_Readless_functionality_on_CollectionPage" name="Readmore_Readless_functionality" time="11.533"/>
  <system-out/>
  <testcase classname="com.Neckermann.TestClass.Verify_Readmore_Readless_functionality_on_CollectionPage" name="Readmore_Readless_functionality" time="14.155"/>
  <system-out/>
</testsuite> <!-- com.Neckermann.TestClass.Verify_Readmore_Readless_functionality_on_CollectionPage -->
