<?xml version="1.0" encoding="UTF-8"?>
<!-- Generated by org.testng.reporters.JUnitReportReporter -->
<testsuite hostname="WA000034" failures="0" tests="1" name="com.Neckermann.TestClass.Newsletter_and_footer_Visibility_on_ATOLPage" time="5.836" errors="0" timestamp="2023-07-03T16:07:59 IST" skipped="0">
  <testcase classname="com.Neckermann.TestClass.Newsletter_and_footer_Visibility_on_ATOLPage" name="Atolprotecetdfunctionality_visiblityofNewsletter_Footer" time="5.836"/>
  <system-out/>
</testsuite> <!-- com.Neckermann.TestClass.Newsletter_and_footer_Visibility_on_ATOLPage -->
