<?xml version="1.0" encoding="UTF-8"?>
<!-- Generated by org.testng.reporters.JUnitReportReporter -->
<testsuite hostname="WA000034" failures="0" tests="1" name="com.Neckermann.TestClass.aa" time="21.952" errors="0" timestamp="2023-07-04T16:40:46 IST" skipped="0">
  <testcase classname="com.Neckermann.TestClass.aa" name="clickon_ViewMore_button" time="21.952"/>
  <system-out/>
</testsuite> <!-- com.Neckermann.TestClass.aa -->
