<?xml version="1.0" encoding="UTF-8"?>
<!-- Generated by org.testng.reporters.JUnitReportReporter -->
<testsuite hostname="WA000034" failures="0" tests="1" name="com.Neckermann.TestClass.VerifyWhether_User_clickon_HomeTab_from_braedcrumb_on_CollectionPage" time="40.248" errors="0" timestamp="2023-07-04T15:57:37 IST" skipped="0">
  <testcase classname="com.Neckermann.TestClass.VerifyWhether_User_clickon_HomeTab_from_braedcrumb_on_CollectionPage" name="clickon_Home_Tab_from_hamburger" time="40.248"/>
  <system-out/>
</testsuite> <!-- com.Neckermann.TestClass.VerifyWhether_User_clickon_HomeTab_from_braedcrumb_on_CollectionPage -->
