<?xml version="1.0" encoding="UTF-8"?>
<!-- Generated by org.testng.reporters.JUnitReportReporter -->
<testsuite hostname="WA000034" failures="0" tests="1" name="com.Neckermann.TestClass.Search_Widget_Functionality" time="13.263" errors="0" timestamp="2023-07-05T10:03:38 IST" skipped="0">
  <testcase classname="com.Neckermann.TestClass.Search_Widget_Functionality" name="name" time="13.263"/>
  <system-out/>
</testsuite> <!-- com.Neckermann.TestClass.Search_Widget_Functionality -->
