<?xml version="1.0" encoding="UTF-8"?>
<!-- Generated by org.testng.reporters.JUnitReportReporter -->
<testsuite hostname="WA000034" failures="0" tests="1" name="com.Neckermann.TestClass.VerifyWhether_User_Open_Aboutus_from_Header" time="2.785" errors="0" timestamp="2023-07-04T11:36:31 IST" skipped="0">
  <testcase classname="com.Neckermann.TestClass.VerifyWhether_User_Open_Aboutus_from_Header" name="AboutUSFunctionality_HomePage_Header" time="2.785"/>
  <system-out/>
</testsuite> <!-- com.Neckermann.TestClass.VerifyWhether_User_Open_Aboutus_from_Header -->
