<?xml version="1.0" encoding="UTF-8"?>
<!-- Generated by org.testng.reporters.JUnitReportReporter -->
<testsuite hostname="WA000034" failures="0" tests="1" name="com.Neckermann.TestClass.aaaaa" time="8.601" errors="0" timestamp="2023-07-03T17:10:12 IST" skipped="0">
  <testcase classname="com.Neckermann.TestClass.aaaaa" name="HamburgerMenu_Holidays_Functionality" time="8.601"/>
  <system-out/>
</testsuite> <!-- com.Neckermann.TestClass.aaaaa -->
