<?xml version="1.0" encoding="UTF-8"?>
<!-- Generated by org.testng.reporters.JUnitReportReporter -->
<testsuite hostname="WA000034" failures="0" tests="3" name="com.Neckermann.TestClass.Verify_FCDO_link_Functionality_on_TravelGuidePage_For_7_To_8_Destinations" time="33.197" errors="0" timestamp="2023-07-12T10:48:37 IST" skipped="0">
  <testcase classname="com.Neckermann.TestClass.Verify_FCDO_link_Functionality_on_TravelGuidePage_For_7_To_8_Destinations" name="FCDO_link_Functionality" time="10.908"/>
  <system-out/>
  <testcase classname="com.Neckermann.TestClass.Verify_FCDO_link_Functionality_on_TravelGuidePage_For_7_To_8_Destinations" name="FCDO_link_Functionality" time="11.543"/>
  <system-out/>
  <testcase classname="com.Neckermann.TestClass.Verify_FCDO_link_Functionality_on_TravelGuidePage_For_7_To_8_Destinations" name="FCDO_link_Functionality" time="10.746"/>
  <system-out/>
</testsuite> <!-- com.Neckermann.TestClass.Verify_FCDO_link_Functionality_on_TravelGuidePage_For_7_To_8_Destinations -->
